2025-07-20T08:36:51.201494 [INFO] [LOG-1753000611-3691]: Database connection established
2025-07-20T08:36:51.404391 [INFO] [LOG-1753000611-8721]: Page loaded in 0.2 seconds
2025-07-20T08:36:51.610876 [INFO] [LOG-1753000611-3268]: API request completed
2025-07-20T08:36:51.817923 [ERROR] [LOG-1753000611-5856]: Out of memory error
2025-07-20T08:36:52.026018 [INFO] [LOG-1753000612-6846]: Page loaded in 0.2 seconds
2025-07-20T08:36:52.233048 [WARNING] [LOG-1753000612-9426]: Database connection pool running low
2025-07-20T08:36:52.441192 [INFO] [LOG-1753000612-5439]: User logged in successfully
2025-07-20T08:36:52.645586 [DEBUG] [LOG-1753000612-9071]: SQL query execution details
2025-07-20T08:36:52.852550 [INFO] [LOG-1753000612-6353]: API request completed
2025-07-20T08:36:53.061013 [INFO] [LOG-1753000613-8932]: Database connection established
2025-07-20T08:36:53.264957 [INFO] [LOG-1753000613-5450]: API request completed
2025-07-20T08:36:53.470675 [INFO] [LOG-1753000613-4784]: User logged in successfully
2025-07-20T08:36:53.679104 [INFO] [LOG-1753000613-7295]: Cache refreshed successfully
2025-07-20T08:36:53.887183 [WARNING] [LOG-1753000613-8689]: Retry attempt for failed operation
2025-07-20T08:36:54.095156 [ERROR] [LOG-1753000614-2909]: Invalid user credentials
2025-07-20T08:36:54.303102 [WARNING] [LOG-1753000614-3437]: High memory usage detected
2025-07-20T08:36:54.511065 [INFO] [LOG-1753000614-3992]: API request completed
2025-07-20T08:36:54.718268 [INFO] [LOG-1753000614-5055]: User logged in successfully
2025-07-20T08:36:54.926130 [ERROR] [LOG-1753000614-9245]: Out of memory error
2025-07-20T08:36:55.129840 [INFO] [LOG-1753000615-6607]: User logged in successfully
2025-07-20T08:36:55.338041 [INFO] [LOG-1753000615-9027]: API request completed
2025-07-20T08:36:55.546039 [INFO] [LOG-1753000615-2614]: Database connection established
2025-07-20T08:36:55.751616 [INFO] [LOG-1753000615-7045]: Page loaded in 0.2 seconds
2025-07-20T08:36:55.958990 [INFO] [LOG-1753000615-5494]: Database connection established
2025-07-20T08:36:56.167124 [INFO] [LOG-1753000616-3861]: User logged in successfully
2025-07-20T08:36:56.375076 [INFO] [LOG-1753000616-8953]: User logged in successfully
2025-07-20T08:36:56.580220 [WARNING] [LOG-1753000616-5013]: API response time exceeding threshold
2025-07-20T08:36:56.785934 [WARNING] [LOG-1753000616-9916]: Cache miss rate increasing
2025-07-20T08:36:56.994051 [WARNING] [LOG-1753000616-1388]: Cache miss rate increasing
2025-07-20T08:36:57.199654 [INFO] [LOG-1753000617-6303]: API request completed
2025-07-20T08:36:57.403610 [INFO] [LOG-1753000617-1923]: Cache refreshed successfully
2025-07-20T08:36:57.612039 [WARNING] [LOG-1753000617-9021]: Retry attempt for failed operation
2025-07-20T08:36:57.820087 [INFO] [LOG-1753000617-7340]: Page loaded in 0.2 seconds
2025-07-20T08:36:58.028159 [INFO] [LOG-1753000618-8876]: User logged in successfully
2025-07-20T08:36:58.236147 [INFO] [LOG-1753000618-9273]: Cache refreshed successfully
2025-07-20T08:36:58.444046 [INFO] [LOG-1753000618-1770]: Cache refreshed successfully
2025-07-20T08:36:58.652109 [WARNING] [LOG-1753000618-5087]: High memory usage detected
2025-07-20T08:36:58.859922 [INFO] [LOG-1753000618-5075]: Page loaded in 0.2 seconds
2025-07-20T08:36:59.067028 [WARNING] [LOG-1753000619-3969]: High memory usage detected
2025-07-20T08:36:59.274092 [INFO] [LOG-1753000619-2116]: Page loaded in 0.2 seconds
2025-07-20T08:36:59.477662 [INFO] [LOG-1753000619-7885]: Database connection established
2025-07-20T08:36:59.685829 [INFO] [LOG-1753000619-4269]: API request completed
2025-07-20T08:36:59.892942 [INFO] [LOG-1753000619-5605]: API request completed
2025-07-20T08:37:00.097883 [INFO] [LOG-1753000620-5313]: API request completed
2025-07-20T08:37:00.305837 [DEBUG] [LOG-1753000620-8820]: SQL query execution details
2025-07-20T08:37:00.512976 [DEBUG] [LOG-1753000620-5288]: Cache lookup performed
2025-07-20T08:37:00.716387 [DEBUG] [LOG-1753000620-6443]: Function X called with parameters Y
2025-07-20T08:37:00.919140 [INFO] [LOG-1753000620-3097]: Cache refreshed successfully
2025-07-20T08:37:01.121737 [INFO] [LOG-1753000621-4022]: Database connection established
2025-07-20T08:37:01.326286 [INFO] [LOG-1753000621-4386]: Page loaded in 0.2 seconds
2025-07-20T08:37:01.533085 [INFO] [LOG-1753000621-7232]: Database connection established
2025-07-20T08:37:01.737322 [WARNING] [LOG-1753000621-5375]: Retry attempt for failed operation
2025-07-20T08:37:01.939966 [WARNING] [LOG-1753000621-2230]: Retry attempt for failed operation
2025-07-20T08:37:02.145977 [INFO] [LOG-1753000622-8711]: Database connection established
2025-07-20T08:37:02.352494 [INFO] [LOG-1753000622-4779]: Cache refreshed successfully
2025-07-20T08:37:02.561800 [INFO] [LOG-1753000622-5864]: User logged in successfully
2025-07-20T08:37:02.770122 [INFO] [LOG-1753000622-6560]: Page loaded in 0.2 seconds
2025-07-20T08:37:02.974881 [WARNING] [LOG-1753000622-4559]: Cache miss rate increasing
2025-07-20T08:37:03.180993 [WARNING] [LOG-1753000623-1753]: Database connection pool running low
2025-07-20T08:37:03.384820 [INFO] [LOG-1753000623-1190]: Database connection established
2025-07-20T08:37:03.590373 [WARNING] [LOG-1753000623-7259]: API response time exceeding threshold
2025-07-20T08:37:03.798009 [INFO] [LOG-1753000623-6016]: Database connection established
2025-07-20T08:37:04.006047 [INFO] [LOG-1753000624-4256]: Cache refreshed successfully
2025-07-20T08:37:04.210246 [ERROR] [LOG-1753000624-8346]: Processing error in data pipeline
2025-07-20T08:37:04.418053 [INFO] [LOG-1753000624-6004]: API request completed
2025-07-20T08:37:04.621188 [INFO] [LOG-1753000624-2558]: Database connection established
2025-07-20T08:37:04.825548 [INFO] [LOG-1753000624-8822]: Cache refreshed successfully
2025-07-20T08:37:05.032162 [INFO] [LOG-1753000625-5923]: Database connection established
2025-07-20T08:37:05.235123 [INFO] [LOG-1753000625-5353]: User logged in successfully
2025-07-20T08:37:05.440956 [WARNING] [LOG-1753000625-4839]: Database connection pool running low
2025-07-20T08:37:05.644029 [DEBUG] [LOG-1753000625-3716]: Request headers processed
2025-07-20T08:37:05.848350 [WARNING] [LOG-1753000625-4824]: Database connection pool running low
2025-07-20T08:37:06.055182 [INFO] [LOG-1753000626-4187]: Page loaded in 0.2 seconds
2025-07-20T08:37:06.260249 [WARNING] [LOG-1753000626-3151]: Retry attempt for failed operation
2025-07-20T08:37:06.468090 [INFO] [LOG-1753000626-3033]: API request completed
2025-07-20T08:37:06.675125 [WARNING] [LOG-1753000626-8310]: Cache miss rate increasing
2025-07-20T08:37:06.883062 [INFO] [LOG-1753000626-8864]: Page loaded in 0.2 seconds
2025-07-20T08:37:07.090768 [INFO] [LOG-1753000627-9436]: Cache refreshed successfully
2025-07-20T08:37:07.299004 [INFO] [LOG-1753000627-6010]: Cache refreshed successfully
2025-07-20T08:37:07.507123 [WARNING] [LOG-1753000627-7514]: Database connection pool running low
2025-07-20T08:37:07.713784 [INFO] [LOG-1753000627-6176]: Page loaded in 0.2 seconds
2025-07-20T08:37:07.918692 [DEBUG] [LOG-1753000627-8899]: Function X called with parameters Y
2025-07-20T08:37:08.126141 [WARNING] [LOG-1753000628-6982]: API response time exceeding threshold
2025-07-20T08:37:08.334182 [INFO] [LOG-1753000628-3344]: Page loaded in 0.2 seconds
2025-07-20T08:37:08.542045 [INFO] [LOG-1753000628-7171]: Database connection established
2025-07-20T08:37:08.749841 [INFO] [LOG-1753000628-4098]: User logged in successfully
2025-07-20T08:37:08.952570 [INFO] [LOG-1753000628-5519]: API request completed
2025-07-20T08:37:09.158452 [ERROR] [LOG-1753000629-7356]: Processing error in data pipeline
2025-07-20T08:37:09.366046 [INFO] [LOG-1753000629-9072]: Page loaded in 0.2 seconds
2025-07-20T08:37:09.574059 [WARNING] [LOG-1753000629-4658]: Cache miss rate increasing
2025-07-20T08:37:09.782033 [INFO] [LOG-1753000629-6863]: User logged in successfully
2025-07-20T08:37:09.990071 [INFO] [LOG-1753000629-5478]: User logged in successfully
2025-07-20T08:37:10.194660 [INFO] [LOG-1753000630-3476]: User logged in successfully
2025-07-20T08:37:10.401022 [INFO] [LOG-1753000630-1373]: User logged in successfully
2025-07-20T08:37:10.608998 [INFO] [LOG-1753000630-9886]: API request completed
2025-07-20T08:37:10.812830 [INFO] [LOG-1753000630-8724]: Database connection established
2025-07-20T08:37:11.020983 [WARNING] [LOG-1753000631-3318]: Database connection pool running low
2025-07-20T08:37:11.226418 [DEBUG] [LOG-1753000631-8184]: Function X called with parameters Y
2025-07-20T08:37:11.433502 [INFO] [LOG-1753000631-8686]: Cache refreshed successfully
2025-07-20T08:37:11.635607 [WARNING] [LOG-1753000631-7699]: Cache miss rate increasing
2025-07-20T08:37:11.839667 [INFO] [LOG-1753000631-3018]: API request completed
2025-07-20T08:37:12.047001 [INFO] [LOG-1753000632-6952]: Page loaded in 0.2 seconds
2025-07-20T08:37:12.253495 [INFO] [LOG-1753000632-2094]: User logged in successfully
2025-07-20T08:37:12.458127 [INFO] [LOG-1753000632-1972]: Cache refreshed successfully
2025-07-20T08:37:12.666066 [INFO] [LOG-1753000632-1835]: User logged in successfully
2025-07-20T08:37:12.872204 [WARNING] [LOG-1753000632-9779]: API response time exceeding threshold
2025-07-20T08:37:13.078780 [INFO] [LOG-1753000633-3377]: User logged in successfully
2025-07-20T08:37:13.284977 [INFO] [LOG-1753000633-1336]: User logged in successfully
2025-07-20T08:37:13.492989 [WARNING] [LOG-1753000633-2525]: High memory usage detected
2025-07-20T08:37:13.701001 [INFO] [LOG-1753000633-5981]: API request completed
2025-07-20T08:37:13.908987 [INFO] [LOG-1753000633-2718]: Database connection established
2025-07-20T08:37:14.114367 [INFO] [LOG-1753000634-1068]: Page loaded in 0.2 seconds
2025-07-20T08:37:14.320477 [DEBUG] [LOG-1753000634-7401]: SQL query execution details
2025-07-20T08:37:14.524575 [INFO] [LOG-1753000634-6627]: Database connection established
2025-07-20T08:37:14.733110 [INFO] [LOG-1753000634-7935]: User logged in successfully
2025-07-20T08:37:14.936606 [DEBUG] [LOG-1753000634-4727]: Function X called with parameters Y
2025-07-20T08:37:15.140144 [INFO] [LOG-1753000635-1920]: User logged in successfully
2025-07-20T08:37:15.343031 [WARNING] [LOG-1753000635-1641]: Cache miss rate increasing
2025-07-20T08:37:15.552548 [ERROR] [LOG-1753000635-4134]: Out of memory error
2025-07-20T08:37:15.760296 [INFO] [LOG-1753000635-2693]: Database connection established
2025-07-20T08:37:15.966657 [WARNING] [LOG-1753000635-4697]: Database connection pool running low
2025-07-20T08:37:16.170710 [INFO] [LOG-1753000636-3505]: Page loaded in 0.2 seconds
2025-07-20T08:37:16.378376 [INFO] [LOG-1753000636-6434]: Page loaded in 0.2 seconds
2025-07-20T08:37:16.581482 [INFO] [LOG-1753000636-1259]: Database connection established
2025-07-20T08:37:16.787180 [INFO] [LOG-1753000636-8961]: User logged in successfully
2025-07-20T08:37:16.995126 [INFO] [LOG-1753000636-3855]: API request completed
2025-07-20T08:37:17.199354 [INFO] [LOG-1753000637-2220]: Database connection established
2025-07-20T08:37:17.407266 [WARNING] [LOG-1753000637-8095]: Database connection pool running low
2025-07-20T08:37:17.615258 [WARNING] [LOG-1753000637-8731]: Retry attempt for failed operation
2025-07-20T08:37:17.823190 [WARNING] [LOG-1753000637-1845]: Database connection pool running low
2025-07-20T08:37:18.026797 [INFO] [LOG-1753000638-3188]: Cache refreshed successfully
2025-07-20T08:37:18.232009 [INFO] [LOG-1753000638-6573]: Page loaded in 0.2 seconds
2025-07-20T08:37:18.438897 [INFO] [LOG-1753000638-6425]: API request completed
2025-07-20T08:37:18.646810 [INFO] [LOG-1753000638-5411]: API request completed
2025-07-20T08:37:18.851290 [ERROR] [LOG-1753000638-2878]: Failed to connect to database
2025-07-20T08:37:19.055632 [INFO] [LOG-1753000639-1594]: Database connection established
2025-07-20T08:37:19.264292 [WARNING] [LOG-1753000639-2659]: Cache miss rate increasing
2025-07-20T08:37:19.470788 [ERROR] [LOG-1753000639-1826]: Out of memory error
2025-07-20T08:37:19.674583 [WARNING] [LOG-1753000639-8262]: Cache miss rate increasing
2025-07-20T08:37:19.877381 [WARNING] [LOG-1753000639-2406]: Cache miss rate increasing
2025-07-20T08:37:20.084179 [INFO] [LOG-1753000640-1666]: API request completed
2025-07-20T08:37:20.287950 [INFO] [LOG-1753000640-9559]: User logged in successfully
2025-07-20T08:37:20.493903 [WARNING] [LOG-1753000640-4471]: High memory usage detected
2025-07-20T08:37:20.701333 [INFO] [LOG-1753000640-6892]: API request completed
2025-07-20T08:37:20.907218 [INFO] [LOG-1753000640-2144]: User logged in successfully
2025-07-20T08:37:21.113426 [DEBUG] [LOG-1753000641-1431]: Cache lookup performed
2025-07-20T08:37:21.316643 [INFO] [LOG-1753000641-5151]: Page loaded in 0.2 seconds
2025-07-20T08:37:21.525353 [INFO] [LOG-1753000641-1456]: Database connection established
2025-07-20T08:37:21.733337 [WARNING] [LOG-1753000641-4396]: Retry attempt for failed operation
2025-07-20T08:37:21.938931 [INFO] [LOG-1753000641-3589]: User logged in successfully
2025-07-20T08:37:22.146777 [WARNING] [LOG-1753000642-9994]: Retry attempt for failed operation
2025-07-20T08:37:22.355375 [ERROR] [LOG-1753000642-3417]: Failed to connect to database
2025-07-20T08:37:22.560938 [INFO] [LOG-1753000642-1579]: API request completed
2025-07-20T08:37:22.769376 [WARNING] [LOG-1753000642-6867]: Retry attempt for failed operation
2025-07-20T08:37:22.977060 [INFO] [LOG-1753000642-5474]: Database connection established
2025-07-20T08:37:23.184308 [INFO] [LOG-1753000643-1190]: Database connection established
2025-07-20T08:37:23.387900 [INFO] [LOG-1753000643-5436]: Database connection established
2025-07-20T08:37:23.593916 [INFO] [LOG-1753000643-6433]: Database connection established
2025-07-20T08:37:23.798703 [WARNING] [LOG-1753000643-2623]: Cache miss rate increasing
2025-07-20T08:37:24.007293 [INFO] [LOG-1753000644-4920]: User logged in successfully
2025-07-20T08:37:24.210324 [INFO] [LOG-1753000644-5331]: User logged in successfully
2025-07-20T08:37:24.413272 [DEBUG] [LOG-1753000644-9997]: Cache lookup performed
2025-07-20T08:37:24.616504 [INFO] [LOG-1753000644-4238]: API request completed
2025-07-20T08:37:24.821262 [DEBUG] [LOG-1753000644-2413]: SQL query execution details
2025-07-20T08:37:25.028938 [INFO] [LOG-1753000645-6146]: Database connection established
2025-07-20T08:37:25.231484 [INFO] [LOG-1753000645-1973]: API request completed
2025-07-20T08:37:25.439243 [INFO] [LOG-1753000645-6902]: Database connection established
2025-07-20T08:37:25.647279 [WARNING] [LOG-1753000645-9264]: High memory usage detected
2025-07-20T08:37:25.855290 [DEBUG] [LOG-1753000645-4837]: Cache lookup performed
2025-07-20T08:37:26.062428 [INFO] [LOG-1753000646-4718]: User logged in successfully
2025-07-20T08:37:26.270277 [INFO] [LOG-1753000646-5574]: API request completed
2025-07-20T08:37:26.475088 [INFO] [LOG-1753000646-2344]: User logged in successfully
2025-07-20T08:37:26.680770 [INFO] [LOG-1753000646-6366]: Cache refreshed successfully
2025-07-20T08:37:26.888074 [INFO] [LOG-1753000646-3468]: User logged in successfully
2025-07-20T08:37:27.096325 [INFO] [LOG-1753000647-1743]: User logged in successfully
2025-07-20T08:37:27.300456 [INFO] [LOG-1753000647-7578]: Page loaded in 0.2 seconds
2025-07-20T08:37:27.507282 [INFO] [LOG-1753000647-5201]: Cache refreshed successfully
2025-07-20T08:37:27.713418 [INFO] [LOG-1753000647-5969]: Cache refreshed successfully
2025-07-20T08:37:27.920287 [INFO] [LOG-1753000647-8243]: API request completed
2025-07-20T08:37:28.126266 [INFO] [LOG-1753000648-6923]: API request completed
2025-07-20T08:37:28.332119 [INFO] [LOG-1753000648-6290]: User logged in successfully
2025-07-20T08:37:28.538000 [WARNING] [LOG-1753000648-5329]: Retry attempt for failed operation
2025-07-20T08:37:28.746407 [INFO] [LOG-1753000648-7020]: Database connection established
2025-07-20T08:37:28.953238 [DEBUG] [LOG-1753000648-8212]: Internal state transition
2025-07-20T08:37:29.161318 [WARNING] [LOG-1753000649-4108]: Retry attempt for failed operation
2025-07-20T08:37:29.368152 [WARNING] [LOG-1753000649-5063]: API response time exceeding threshold
2025-07-20T08:37:29.576389 [INFO] [LOG-1753000649-7203]: API request completed
2025-07-20T08:37:29.784414 [DEBUG] [LOG-1753000649-6736]: SQL query execution details
2025-07-20T08:37:29.990529 [WARNING] [LOG-1753000649-5554]: High memory usage detected
2025-07-20T08:37:30.196211 [INFO] [LOG-1753000650-4948]: User logged in successfully
2025-07-20T08:37:30.399940 [INFO] [LOG-1753000650-7958]: Cache refreshed successfully
2025-07-20T08:37:30.608482 [INFO] [LOG-1753000650-3383]: User logged in successfully
2025-07-20T08:37:30.815038 [ERROR] [LOG-1753000650-7506]: API request timeout
2025-07-20T08:37:31.022788 [INFO] [LOG-1753000651-2152]: Cache refreshed successfully
2025-07-20T08:37:31.227847 [INFO] [LOG-1753000651-5593]: Database connection established
2025-07-20T08:37:31.433619 [INFO] [LOG-1753000651-1416]: Cache refreshed successfully
2025-07-20T08:37:31.640136 [INFO] [LOG-1753000651-7809]: Cache refreshed successfully
2025-07-20T08:37:31.846477 [INFO] [LOG-1753000651-1928]: Database connection established
2025-07-20T08:37:32.053261 [WARNING] [LOG-1753000652-5538]: Cache miss rate increasing
2025-07-20T08:37:32.260871 [INFO] [LOG-1753000652-2296]: Database connection established
2025-07-20T08:37:32.468267 [INFO] [LOG-1753000652-3267]: Cache refreshed successfully
2025-07-20T08:37:32.676264 [INFO] [LOG-1753000652-2595]: Page loaded in 0.2 seconds
2025-07-20T08:37:32.884386 [INFO] [LOG-1753000652-5641]: Database connection established
2025-07-20T08:37:33.092102 [WARNING] [LOG-1753000653-1097]: Retry attempt for failed operation
2025-07-20T08:37:33.296632 [INFO] [LOG-1753000653-7128]: User logged in successfully
2025-07-20T08:37:33.502206 [INFO] [LOG-1753000653-2389]: Cache refreshed successfully
2025-07-20T08:37:33.705423 [INFO] [LOG-1753000653-5407]: User logged in successfully
2025-07-20T08:37:33.912990 [INFO] [LOG-1753000653-4909]: Page loaded in 0.2 seconds
2025-07-20T08:37:34.118156 [INFO] [LOG-1753000654-1817]: Database connection established
2025-07-20T08:37:34.322236 [INFO] [LOG-1753000654-3353]: Database connection established
2025-07-20T08:37:34.530050 [INFO] [LOG-1753000654-4088]: User logged in successfully
2025-07-20T08:37:34.738238 [INFO] [LOG-1753000654-9287]: Database connection established
2025-07-20T08:37:34.946311 [INFO] [LOG-1753000654-3781]: Database connection established
2025-07-20T08:37:35.154320 [INFO] [LOG-1753000655-5533]: Cache refreshed successfully
2025-07-20T08:37:35.362382 [WARNING] [LOG-1753000655-1882]: Cache miss rate increasing
2025-07-20T08:37:35.570270 [INFO] [LOG-1753000655-7092]: API request completed
2025-07-20T08:37:35.778364 [WARNING] [LOG-1753000655-7418]: Retry attempt for failed operation
2025-07-20T08:37:35.986165 [INFO] [LOG-1753000655-6860]: Page loaded in 0.2 seconds
2025-07-20T08:37:36.188267 [WARNING] [LOG-1753000656-4638]: Database connection pool running low
2025-07-20T08:37:36.396264 [WARNING] [LOG-1753000656-8876]: API response time exceeding threshold
2025-07-20T08:37:36.604280 [INFO] [LOG-1753000656-9427]: Cache refreshed successfully
2025-07-20T08:37:36.809049 [INFO] [LOG-1753000656-7580]: User logged in successfully
2025-07-20T08:37:37.016302 [INFO] [LOG-1753000657-2979]: Cache refreshed successfully
2025-07-20T08:37:37.220149 [INFO] [LOG-1753000657-5992]: Database connection established
2025-07-20T08:37:37.424525 [INFO] [LOG-1753000657-3317]: Cache refreshed successfully
2025-07-20T08:37:37.632301 [WARNING] [LOG-1753000657-9293]: High memory usage detected
2025-07-20T08:37:37.837893 [INFO] [LOG-1753000657-6048]: User logged in successfully
2025-07-20T08:37:38.046329 [INFO] [LOG-1753000658-6791]: User logged in successfully
2025-07-20T08:37:38.254269 [WARNING] [LOG-1753000658-2408]: Retry attempt for failed operation
2025-07-20T08:37:38.461714 [INFO] [LOG-1753000658-2352]: Cache refreshed successfully
2025-07-20T08:37:38.669328 [INFO] [LOG-1753000658-6263]: Page loaded in 0.2 seconds
2025-07-20T08:37:38.875222 [INFO] [LOG-1753000658-3709]: Page loaded in 0.2 seconds
2025-07-20T08:37:39.080006 [INFO] [LOG-1753000659-7554]: Cache refreshed successfully
2025-07-20T08:37:39.286080 [INFO] [LOG-1753000659-4472]: Database connection established
2025-07-20T08:37:39.494339 [ERROR] [LOG-1753000659-4497]: API request timeout
2025-07-20T08:37:39.697943 [INFO] [LOG-1753000659-7939]: API request completed
2025-07-20T08:37:39.906276 [INFO] [LOG-1753000659-4663]: Database connection established
2025-07-20T08:37:40.110293 [WARNING] [LOG-1753000660-4710]: High memory usage detected
2025-07-20T08:37:40.316756 [INFO] [LOG-1753000660-5757]: Cache refreshed successfully
2025-07-20T08:37:40.525398 [INFO] [LOG-1753000660-9389]: Database connection established
2025-07-20T08:37:40.733188 [INFO] [LOG-1753000660-7059]: User logged in successfully
2025-07-20T08:37:40.937052 [INFO] [LOG-1753000660-8869]: Database connection established
2025-07-20T08:37:41.144448 [INFO] [LOG-1753000661-9619]: Page loaded in 0.2 seconds
2025-07-20T08:37:41.351304 [ERROR] [LOG-1753000661-4713]: Processing error in data pipeline
2025-07-20T08:37:41.558347 [INFO] [LOG-1753000661-9910]: Database connection established
2025-07-20T08:37:41.762057 [INFO] [LOG-1753000661-1856]: API request completed
2025-07-20T08:37:41.968031 [INFO] [LOG-1753000661-9906]: Database connection established
2025-07-20T08:37:42.170687 [INFO] [LOG-1753000662-9111]: Database connection established
2025-07-20T08:37:42.379293 [DEBUG] [LOG-1753000662-5076]: Cache lookup performed
2025-07-20T08:37:42.585446 [WARNING] [LOG-1753000662-6907]: Retry attempt for failed operation
2025-07-20T08:37:42.791245 [INFO] [LOG-1753000662-4916]: Page loaded in 0.2 seconds
2025-07-20T08:37:42.999402 [DEBUG] [LOG-1753000662-6868]: Internal state transition
2025-07-20T08:37:43.207390 [WARNING] [LOG-1753000663-7830]: Cache miss rate increasing
2025-07-20T08:37:43.411839 [INFO] [LOG-1753000663-2315]: API request completed
2025-07-20T08:37:43.620372 [INFO] [LOG-1753000663-9568]: API request completed
2025-07-20T08:37:43.828389 [INFO] [LOG-1753000663-2428]: API request completed
2025-07-20T08:37:44.036108 [INFO] [LOG-1753000664-4946]: API request completed
2025-07-20T08:37:44.242235 [INFO] [LOG-1753000664-6702]: Page loaded in 0.2 seconds
2025-07-20T08:37:44.445608 [INFO] [LOG-1753000664-8361]: Page loaded in 0.2 seconds
2025-07-20T08:37:44.649818 [INFO] [LOG-1753000664-8899]: User logged in successfully
2025-07-20T08:37:44.857892 [INFO] [LOG-1753000664-5121]: User logged in successfully
2025-07-20T08:37:45.063101 [INFO] [LOG-1753000665-9163]: Cache refreshed successfully
2025-07-20T08:37:45.266621 [INFO] [LOG-1753000665-3893]: Page loaded in 0.2 seconds
2025-07-20T08:37:45.469386 [INFO] [LOG-1753000665-1134]: API request completed
2025-07-20T08:37:45.673123 [INFO] [LOG-1753000665-6609]: API request completed
2025-07-20T08:37:45.875858 [WARNING] [LOG-1753000665-9771]: Cache miss rate increasing
2025-07-20T08:37:46.083853 [INFO] [LOG-1753000666-5407]: Cache refreshed successfully
2025-07-20T08:37:46.291959 [ERROR] [LOG-1753000666-7717]: Invalid user credentials
2025-07-20T08:37:46.499894 [INFO] [LOG-1753000666-2261]: User logged in successfully
2025-07-20T08:37:46.707969 [WARNING] [LOG-1753000666-6617]: Retry attempt for failed operation
2025-07-20T08:37:46.912873 [INFO] [LOG-1753000666-8154]: Page loaded in 0.2 seconds
2025-07-20T08:37:47.120882 [ERROR] [LOG-1753000667-6459]: Failed to connect to database
2025-07-20T08:37:47.324239 [INFO] [LOG-1753000667-7006]: API request completed
2025-07-20T08:37:47.531959 [WARNING] [LOG-1753000667-2257]: Retry attempt for failed operation
2025-07-20T08:37:47.739952 [INFO] [LOG-1753000667-8480]: API request completed
2025-07-20T08:37:47.945411 [INFO] [LOG-1753000667-8496]: Page loaded in 0.2 seconds
2025-07-20T08:37:48.149576 [INFO] [LOG-1753000668-1876]: Database connection established
2025-07-20T08:37:48.356437 [INFO] [LOG-1753000668-8988]: Database connection established
2025-07-20T08:37:48.560865 [INFO] [LOG-1753000668-7815]: API request completed
2025-07-20T08:37:48.767675 [INFO] [LOG-1753000668-9173]: User logged in successfully
2025-07-20T08:37:48.971865 [WARNING] [LOG-1753000668-4988]: Database connection pool running low
2025-07-20T08:37:49.179960 [DEBUG] [LOG-1753000669-8272]: Cache lookup performed
2025-07-20T08:37:49.388051 [INFO] [LOG-1753000669-6452]: API request completed
2025-07-20T08:37:49.592083 [INFO] [LOG-1753000669-7473]: API request completed
2025-07-20T08:37:49.795520 [INFO] [LOG-1753000669-5192]: Cache refreshed successfully
2025-07-20T08:37:50.003742 [INFO] [LOG-1753000670-8906]: Cache refreshed successfully
2025-07-20T08:37:50.211072 [WARNING] [LOG-1753000670-6247]: Cache miss rate increasing
2025-07-20T08:37:50.420147 [INFO] [LOG-1753000670-8218]: Cache refreshed successfully
2025-07-20T08:37:50.629067 [INFO] [LOG-1753000670-9847]: User logged in successfully
2025-07-20T08:37:50.832781 [INFO] [LOG-1753000670-1649]: Cache refreshed successfully
2025-07-20T08:37:51.036300 [INFO] [LOG-1753000671-7539]: API request completed
2025-07-20T08:37:51.241499 [WARNING] [LOG-1753000671-8494]: Cache miss rate increasing
2025-07-20T08:37:51.447684 [DEBUG] [LOG-1753000671-9178]: SQL query execution details
2025-07-20T08:37:51.649291 [INFO] [LOG-1753000671-9097]: Page loaded in 0.2 seconds
2025-07-20T08:37:51.855152 [INFO] [LOG-1753000671-6694]: User logged in successfully
2025-07-20T08:37:52.057964 [INFO] [LOG-1753000672-7020]: API request completed
2025-07-20T08:37:52.265827 [INFO] [LOG-1753000672-9113]: User logged in successfully
2025-07-20T08:37:52.473040 [INFO] [LOG-1753000672-9673]: API request completed
2025-07-20T08:37:52.679664 [INFO] [LOG-1753000672-8126]: User logged in successfully
2025-07-20T08:37:52.887465 [INFO] [LOG-1753000672-6592]: User logged in successfully
2025-07-20T08:37:53.091330 [INFO] [LOG-1753000673-5910]: Database connection established
2025-07-20T08:37:53.296621 [WARNING] [LOG-1753000673-3116]: API response time exceeding threshold
2025-07-20T08:37:53.504949 [DEBUG] [LOG-1753000673-5336]: Function X called with parameters Y
2025-07-20T08:37:53.712893 [INFO] [LOG-1753000673-8635]: Database connection established
2025-07-20T08:37:53.916139 [INFO] [LOG-1753000673-9449]: API request completed
2025-07-20T08:37:54.123912 [INFO] [LOG-1753000674-2823]: Database connection established
2025-07-20T08:37:54.331924 [INFO] [LOG-1753000674-1601]: Page loaded in 0.2 seconds
2025-07-20T08:37:54.538352 [INFO] [LOG-1753000674-6755]: Cache refreshed successfully
2025-07-20T08:37:54.746156 [WARNING] [LOG-1753000674-1200]: API response time exceeding threshold
2025-07-20T08:37:54.953919 [INFO] [LOG-1753000674-9251]: Cache refreshed successfully
2025-07-20T08:37:55.161808 [WARNING] [LOG-1753000675-1683]: Database connection pool running low
2025-07-20T08:37:55.369017 [INFO] [LOG-1753000675-5442]: Database connection established
2025-07-20T08:37:55.577033 [INFO] [LOG-1753000675-9571]: Database connection established
2025-07-20T08:37:55.782160 [INFO] [LOG-1753000675-9840]: Page loaded in 0.2 seconds
2025-07-20T08:37:55.989628 [INFO] [LOG-1753000675-9170]: API request completed
2025-07-20T08:37:56.196257 [INFO] [LOG-1753000676-7942]: Page loaded in 0.2 seconds
2025-07-20T08:37:56.404223 [INFO] [LOG-1753000676-3158]: User logged in successfully
2025-07-20T08:37:56.609862 [INFO] [LOG-1753000676-4479]: User logged in successfully
2025-07-20T08:37:56.817954 [INFO] [LOG-1753000676-4438]: Page loaded in 0.2 seconds
2025-07-20T08:37:57.025897 [INFO] [LOG-1753000677-4979]: API request completed
2025-07-20T08:37:57.233954 [WARNING] [LOG-1753000677-6273]: Cache miss rate increasing
2025-07-20T08:37:57.439519 [INFO] [LOG-1753000677-2525]: Page loaded in 0.2 seconds
2025-07-20T08:37:57.646969 [INFO] [LOG-1753000677-8722]: API request completed
2025-07-20T08:37:57.855001 [INFO] [LOG-1753000677-5991]: User logged in successfully
2025-07-20T08:37:58.062956 [INFO] [LOG-1753000678-6371]: User logged in successfully
2025-07-20T08:37:58.270863 [INFO] [LOG-1753000678-9370]: Database connection established
2025-07-20T08:37:58.474072 [WARNING] [LOG-1753000678-6210]: Retry attempt for failed operation
2025-07-20T08:37:58.679898 [INFO] [LOG-1753000678-3498]: Page loaded in 0.2 seconds
2025-07-20T08:37:58.887092 [INFO] [LOG-1753000678-3227]: Cache refreshed successfully
2025-07-20T08:37:59.095010 [DEBUG] [LOG-1753000679-4957]: Request headers processed
2025-07-20T08:37:59.302992 [INFO] [LOG-1753000679-8508]: User logged in successfully
2025-07-20T08:37:59.510247 [WARNING] [LOG-1753000679-9464]: Retry attempt for failed operation
2025-07-20T08:37:59.722989 [INFO] [LOG-1753000679-5816]: User logged in successfully
2025-07-20T08:37:59.933900 [INFO] [LOG-1753000679-7422]: Page loaded in 0.2 seconds
2025-07-20T08:38:00.141970 [WARNING] [LOG-1753000680-1315]: Cache miss rate increasing
2025-07-20T08:38:00.349950 [INFO] [LOG-1753000680-3276]: Database connection established
2025-07-20T08:38:00.557959 [ERROR] [LOG-1753000680-8038]: Processing error in data pipeline
2025-07-20T08:38:00.765825 [INFO] [LOG-1753000680-5540]: User logged in successfully
2025-07-20T08:38:00.968363 [INFO] [LOG-1753000680-7838]: Database connection established
2025-07-20T08:38:01.176788 [DEBUG] [LOG-1753000681-1234]: Cache lookup performed
2025-07-20T08:38:01.379773 [INFO] [LOG-1753000681-9346]: Database connection established
2025-07-20T08:38:01.582444 [INFO] [LOG-1753000681-2505]: Page loaded in 0.2 seconds
2025-07-20T08:38:01.788404 [WARNING] [LOG-1753000681-9094]: Retry attempt for failed operation
2025-07-20T08:38:01.992868 [INFO] [LOG-1753000681-6013]: Cache refreshed successfully
2025-07-20T08:38:02.196873 [DEBUG] [LOG-1753000682-2924]: Request headers processed
2025-07-20T08:38:02.399806 [INFO] [LOG-1753000682-1248]: API request completed
2025-07-20T08:38:02.605036 [INFO] [LOG-1753000682-6969]: Cache refreshed successfully
2025-07-20T08:38:02.812819 [INFO] [LOG-1753000682-9530]: Database connection established
2025-07-20T08:38:03.020705 [INFO] [LOG-1753000683-4846]: Page loaded in 0.2 seconds
2025-07-20T08:38:03.223044 [INFO] [LOG-1753000683-1990]: API request completed
2025-07-20T08:38:03.428523 [WARNING] [LOG-1753000683-8240]: Cache miss rate increasing
2025-07-20T08:38:03.634013 [INFO] [LOG-1753000683-6805]: User logged in successfully
2025-07-20T08:38:03.839815 [ERROR] [LOG-1753000683-3591]: Out of memory error
2025-07-20T08:38:04.045213 [INFO] [LOG-1753000684-2599]: Database connection established
2025-07-20T08:38:04.248437 [INFO] [LOG-1753000684-9099]: Page loaded in 0.2 seconds
2025-07-20T08:38:04.455054 [ERROR] [LOG-1753000684-2635]: Failed to connect to database
2025-07-20T08:38:04.662948 [INFO] [LOG-1753000684-7165]: Database connection established
2025-07-20T08:38:04.870961 [DEBUG] [LOG-1753000684-6812]: SQL query execution details
2025-07-20T08:38:05.074826 [INFO] [LOG-1753000685-5672]: Cache refreshed successfully
2025-07-20T08:38:05.279500 [INFO] [LOG-1753000685-5414]: API request completed
2025-07-20T08:38:05.486922 [WARNING] [LOG-1753000685-8752]: High memory usage detected
2025-07-20T08:38:05.691264 [WARNING] [LOG-1753000685-7998]: Retry attempt for failed operation
2025-07-20T08:38:05.895289 [INFO] [LOG-1753000685-8251]: Page loaded in 0.2 seconds
2025-07-20T08:38:06.102884 [INFO] [LOG-1753000686-9400]: Cache refreshed successfully
2025-07-20T08:38:06.310936 [WARNING] [LOG-1753000686-2663]: Cache miss rate increasing
2025-07-20T08:38:06.518954 [INFO] [LOG-1753000686-2198]: Page loaded in 0.2 seconds
2025-07-20T08:38:06.726927 [INFO] [LOG-1753000686-8297]: API request completed
2025-07-20T08:38:06.934895 [INFO] [LOG-1753000686-6249]: Database connection established
2025-07-20T08:38:07.142900 [DEBUG] [LOG-1753000687-2789]: Cache lookup performed
2025-07-20T08:38:07.346904 [INFO] [LOG-1753000687-3669]: Database connection established
2025-07-20T08:38:07.555021 [INFO] [LOG-1753000687-1911]: Page loaded in 0.2 seconds
2025-07-20T08:38:07.762793 [WARNING] [LOG-1753000687-4615]: High memory usage detected
2025-07-20T08:38:07.970282 [INFO] [LOG-1753000687-6897]: Page loaded in 0.2 seconds
2025-07-20T08:38:08.177332 [ERROR] [LOG-1753000688-6876]: Invalid user credentials
2025-07-20T08:38:08.381004 [INFO] [LOG-1753000688-6833]: Page loaded in 0.2 seconds
2025-07-20T08:38:08.588359 [WARNING] [LOG-1753000688-8413]: High memory usage detected
2025-07-20T08:38:08.796247 [DEBUG] [LOG-1753000688-7827]: Function X called with parameters Y
2025-07-20T08:38:09.005076 [WARNING] [LOG-1753000689-6090]: Retry attempt for failed operation
2025-07-20T08:38:09.213991 [INFO] [LOG-1753000689-1155]: Database connection established
2025-07-20T08:38:09.420635 [WARNING] [LOG-1753000689-9022]: High memory usage detected
2025-07-20T08:38:09.628818 [INFO] [LOG-1753000689-3238]: User logged in successfully
2025-07-20T08:38:09.831848 [INFO] [LOG-1753000689-9381]: Cache refreshed successfully
2025-07-20T08:38:10.039819 [WARNING] [LOG-1753000690-8323]: High memory usage detected
2025-07-20T08:38:10.244968 [WARNING] [LOG-1753000690-8130]: Retry attempt for failed operation
2025-07-20T08:38:10.453017 [INFO] [LOG-1753000690-3232]: User logged in successfully
2025-07-20T08:38:10.660076 [INFO] [LOG-1753000690-6420]: Page loaded in 0.2 seconds
2025-07-20T08:38:10.866234 [INFO] [LOG-1753000690-4431]: Database connection established
2025-07-20T08:38:11.072984 [INFO] [LOG-1753000691-7715]: Cache refreshed successfully
2025-07-20T08:38:11.281115 [INFO] [LOG-1753000691-3584]: API request completed
2025-07-20T08:38:11.488796 [WARNING] [LOG-1753000691-6196]: Database connection pool running low
2025-07-20T08:38:11.695939 [INFO] [LOG-1753000691-7474]: Database connection established
2025-07-20T08:38:11.899340 [INFO] [LOG-1753000691-4191]: Database connection established
2025-07-20T08:38:12.104138 [INFO] [LOG-1753000692-4123]: User logged in successfully
2025-07-20T08:38:12.311950 [INFO] [LOG-1753000692-3501]: Page loaded in 0.2 seconds
2025-07-20T08:38:12.519988 [INFO] [LOG-1753000692-7812]: Page loaded in 0.2 seconds
2025-07-20T08:38:12.727980 [WARNING] [LOG-1753000692-7708]: Cache miss rate increasing
2025-07-20T08:38:12.931289 [DEBUG] [LOG-1753000692-5635]: SQL query execution details
2025-07-20T08:38:13.134876 [INFO] [LOG-1753000693-9964]: API request completed
2025-07-20T08:38:13.339749 [WARNING] [LOG-1753000693-5817]: Cache miss rate increasing
2025-07-20T08:38:13.544744 [INFO] [LOG-1753000693-2355]: User logged in successfully
2025-07-20T08:38:13.747830 [INFO] [LOG-1753000693-5118]: API request completed
2025-07-20T08:38:13.953706 [INFO] [LOG-1753000693-9795]: Database connection established
2025-07-20T08:38:14.156228 [DEBUG] [LOG-1753000694-3775]: Internal state transition
2025-07-20T08:38:14.363805 [WARNING] [LOG-1753000694-6857]: Retry attempt for failed operation
2025-07-20T08:38:14.568667 [INFO] [LOG-1753000694-7117]: User logged in successfully
2025-07-20T08:38:14.773505 [INFO] [LOG-1753000694-9902]: User logged in successfully
2025-07-20T08:38:14.981127 [WARNING] [LOG-1753000694-2878]: High memory usage detected
2025-07-20T08:38:15.188928 [INFO] [LOG-1753000695-1173]: User logged in successfully
2025-07-20T08:38:15.392611 [INFO] [LOG-1753000695-6081]: API request completed
2025-07-20T08:38:15.596076 [INFO] [LOG-1753000695-8670]: API request completed
2025-07-20T08:38:15.800268 [INFO] [LOG-1753000695-9362]: Database connection established
2025-07-20T08:38:16.009000 [WARNING] [LOG-1753000696-3278]: Database connection pool running low
2025-07-20T08:38:16.212052 [INFO] [LOG-1753000696-9167]: API request completed
2025-07-20T08:38:16.415999 [INFO] [LOG-1753000696-4589]: User logged in successfully
2025-07-20T08:38:16.622375 [WARNING] [LOG-1753000696-9648]: High memory usage detected
2025-07-20T08:38:16.829539 [WARNING] [LOG-1753000696-8718]: API response time exceeding threshold
2025-07-20T08:38:17.038074 [INFO] [LOG-1753000697-4614]: API request completed
2025-07-20T08:38:17.243010 [INFO] [LOG-1753000697-2375]: User logged in successfully
2025-07-20T08:38:17.451007 [WARNING] [LOG-1753000697-8742]: Database connection pool running low
2025-07-20T08:38:17.659007 [INFO] [LOG-1753000697-4295]: Database connection established
2025-07-20T08:38:17.862740 [INFO] [LOG-1753000697-3815]: API request completed
2025-07-20T08:38:18.070995 [INFO] [LOG-1753000698-3817]: Database connection established
2025-07-20T08:38:18.278303 [INFO] [LOG-1753000698-8386]: User logged in successfully
2025-07-20T08:38:18.482827 [INFO] [LOG-1753000698-4777]: Cache refreshed successfully
2025-07-20T08:38:18.687877 [INFO] [LOG-1753000698-3632]: Cache refreshed successfully
2025-07-20T08:38:18.895832 [INFO] [LOG-1753000698-5109]: Database connection established
2025-07-20T08:38:19.101104 [ERROR] [LOG-1753000699-5324]: Failed to connect to database
2025-07-20T08:38:19.305540 [INFO] [LOG-1753000699-6726]: User logged in successfully
2025-07-20T08:38:19.512840 [INFO] [LOG-1753000699-1717]: Page loaded in 0.2 seconds
2025-07-20T08:38:19.717549 [INFO] [LOG-1753000699-5074]: Page loaded in 0.2 seconds
2025-07-20T08:38:19.921857 [INFO] [LOG-1753000699-2204]: Database connection established
2025-07-20T08:38:20.129480 [INFO] [LOG-1753000700-4711]: Page loaded in 0.2 seconds
2025-07-20T08:38:20.333348 [INFO] [LOG-1753000700-7553]: API request completed
2025-07-20T08:38:20.537727 [INFO] [LOG-1753000700-4979]: API request completed
2025-07-20T08:38:20.746045 [INFO] [LOG-1753000700-7059]: Database connection established
2025-07-20T08:38:20.951071 [DEBUG] [LOG-1753000700-4346]: Internal state transition
2025-07-20T08:38:21.156840 [ERROR] [LOG-1753000701-7270]: Out of memory error
2025-07-20T08:38:21.360739 [INFO] [LOG-1753000701-1276]: Cache refreshed successfully
2025-07-20T08:38:21.565861 [INFO] [LOG-1753000701-7816]: Database connection established
2025-07-20T08:38:21.770643 [WARNING] [LOG-1753000701-1999]: High memory usage detected
2025-07-20T08:38:21.978931 [WARNING] [LOG-1753000701-7553]: Cache miss rate increasing
2025-07-20T08:38:22.186948 [ERROR] [LOG-1753000702-9122]: Processing error in data pipeline
2025-07-20T08:38:22.394999 [INFO] [LOG-1753000702-5344]: API request completed
2025-07-20T08:38:22.599350 [ERROR] [LOG-1753000702-2122]: Out of memory error
2025-07-20T08:38:22.803990 [INFO] [LOG-1753000702-2606]: Database connection established
2025-07-20T08:38:23.007663 [INFO] [LOG-1753000703-1658]: User logged in successfully
2025-07-20T08:38:23.214932 [INFO] [LOG-1753000703-8321]: API request completed
2025-07-20T08:38:23.417845 [ERROR] [LOG-1753000703-6153]: Processing error in data pipeline
2025-07-20T08:38:23.620599 [INFO] [LOG-1753000703-9107]: API request completed
2025-07-20T08:38:23.824975 [INFO] [LOG-1753000703-4038]: API request completed
2025-07-20T08:38:24.031288 [WARNING] [LOG-1753000704-4904]: Retry attempt for failed operation
2025-07-20T08:38:24.239001 [INFO] [LOG-1753000704-9322]: User logged in successfully
2025-07-20T08:38:24.445937 [INFO] [LOG-1753000704-9793]: API request completed
2025-07-20T08:38:24.649150 [INFO] [LOG-1753000704-3702]: API request completed
2025-07-20T08:38:24.854642 [INFO] [LOG-1753000704-8731]: Page loaded in 0.2 seconds
2025-07-20T08:38:25.058292 [INFO] [LOG-1753000705-9328]: Page loaded in 0.2 seconds
2025-07-20T08:38:25.262779 [INFO] [LOG-1753000705-2584]: User logged in successfully
2025-07-20T08:38:25.467183 [INFO] [LOG-1753000705-3314]: Database connection established
2025-07-20T08:38:25.670406 [INFO] [LOG-1753000705-7516]: Database connection established
2025-07-20T08:38:25.877377 [WARNING] [LOG-1753000705-2439]: High memory usage detected
2025-07-20T08:38:26.084858 [ERROR] [LOG-1753000706-9360]: Invalid user credentials
2025-07-20T08:38:26.288181 [INFO] [LOG-1753000706-9819]: Database connection established
2025-07-20T08:38:26.495156 [INFO] [LOG-1753000706-8952]: Cache refreshed successfully
2025-07-20T08:38:26.702440 [INFO] [LOG-1753000706-5867]: User logged in successfully
2025-07-20T08:38:26.910392 [ERROR] [LOG-1753000706-3825]: Failed to connect to database
2025-07-20T08:38:27.118375 [INFO] [LOG-1753000707-6403]: Cache refreshed successfully
2025-07-20T08:38:27.323384 [ERROR] [LOG-1753000707-9554]: Failed to connect to database
2025-07-20T08:38:27.531949 [WARNING] [LOG-1753000707-9342]: Database connection pool running low
2025-07-20T08:38:27.739954 [INFO] [LOG-1753000707-9129]: User logged in successfully
2025-07-20T08:38:27.948017 [INFO] [LOG-1753000707-7555]: User logged in successfully
2025-07-20T08:38:28.154071 [INFO] [LOG-1753000708-8786]: API request completed
2025-07-20T08:38:28.362058 [INFO] [LOG-1753000708-3860]: Database connection established
2025-07-20T08:38:28.569980 [WARNING] [LOG-1753000708-2374]: High memory usage detected
2025-07-20T08:38:28.776974 [INFO] [LOG-1753000708-2455]: API request completed
2025-07-20T08:38:28.980833 [ERROR] [LOG-1753000708-6906]: Failed to connect to database
2025-07-20T08:38:29.189021 [INFO] [LOG-1753000709-7300]: API request completed
2025-07-20T08:38:29.396890 [WARNING] [LOG-1753000709-2536]: Cache miss rate increasing
2025-07-20T08:38:29.604919 [INFO] [LOG-1753000709-1260]: User logged in successfully
2025-07-20T08:38:29.812713 [INFO] [LOG-1753000709-2568]: Database connection established
2025-07-20T08:38:30.017074 [INFO] [LOG-1753000710-4114]: Page loaded in 0.2 seconds
2025-07-20T08:38:30.222998 [INFO] [LOG-1753000710-5699]: Cache refreshed successfully
2025-07-20T08:38:30.427702 [INFO] [LOG-1753000710-5326]: Cache refreshed successfully
2025-07-20T08:38:30.635973 [INFO] [LOG-1753000710-3436]: Database connection established
2025-07-20T08:38:30.839710 [DEBUG] [LOG-1753000710-7621]: Cache lookup performed
2025-07-20T08:38:31.044869 [WARNING] [LOG-1753000711-7867]: Cache miss rate increasing
2025-07-20T08:38:31.250518 [WARNING] [LOG-1753000711-7236]: High memory usage detected
2025-07-20T08:38:31.458687 [INFO] [LOG-1753000711-2507]: User logged in successfully
2025-07-20T08:38:31.665858 [DEBUG] [LOG-1753000711-1701]: Request headers processed
2025-07-20T08:38:31.873943 [WARNING] [LOG-1753000711-7628]: Retry attempt for failed operation
2025-07-20T08:38:32.081936 [INFO] [LOG-1753000712-2419]: Cache refreshed successfully
2025-07-20T08:38:32.286858 [INFO] [LOG-1753000712-4149]: Cache refreshed successfully
2025-07-20T08:38:32.494935 [WARNING] [LOG-1753000712-3101]: Database connection pool running low
2025-07-20T08:38:32.702918 [INFO] [LOG-1753000712-9739]: Database connection established
2025-07-20T08:38:32.910918 [INFO] [LOG-1753000712-4279]: Database connection established
2025-07-20T08:38:33.120704 [WARNING] [LOG-1753000713-1432]: Database connection pool running low
2025-07-20T08:38:33.324679 [INFO] [LOG-1753000713-9387]: Page loaded in 0.2 seconds
2025-07-20T08:38:33.532870 [WARNING] [LOG-1753000713-5377]: Retry attempt for failed operation
2025-07-20T08:38:33.737296 [INFO] [LOG-1753000713-6722]: User logged in successfully
2025-07-20T08:38:33.944333 [INFO] [LOG-1753000713-1696]: Database connection established
2025-07-20T08:38:34.151943 [INFO] [LOG-1753000714-2327]: Database connection established
2025-07-20T08:38:34.357984 [ERROR] [LOG-1753000714-9334]: API request timeout
2025-07-20T08:38:34.566026 [INFO] [LOG-1753000714-6856]: Cache refreshed successfully
2025-07-20T08:38:34.773958 [INFO] [LOG-1753000714-1683]: Database connection established
2025-07-20T08:38:34.982075 [INFO] [LOG-1753000714-4725]: Database connection established
2025-07-20T08:38:35.190972 [ERROR] [LOG-1753000715-3862]: Processing error in data pipeline
2025-07-20T08:38:35.395064 [INFO] [LOG-1753000715-3809]: API request completed
2025-07-20T08:38:35.602872 [INFO] [LOG-1753000715-7240]: Database connection established
2025-07-20T08:38:35.811678 [INFO] [LOG-1753000715-6571]: Page loaded in 0.2 seconds
2025-07-20T08:38:36.019969 [WARNING] [LOG-1753000716-2676]: API response time exceeding threshold
2025-07-20T08:38:36.223197 [INFO] [LOG-1753000716-9431]: Page loaded in 0.2 seconds
2025-07-20T08:38:36.431058 [INFO] [LOG-1753000716-4375]: Page loaded in 0.2 seconds
2025-07-20T08:38:36.637309 [WARNING] [LOG-1753000716-5485]: Database connection pool running low
2025-07-20T08:38:36.845667 [DEBUG] [LOG-1753000716-5088]: Internal state transition
2025-07-20T08:38:37.053967 [INFO] [LOG-1753000717-9189]: User logged in successfully
2025-07-20T08:38:37.258753 [INFO] [LOG-1753000717-3137]: Page loaded in 0.2 seconds
2025-07-20T08:38:37.466287 [INFO] [LOG-1753000717-7351]: API request completed
2025-07-20T08:38:37.671515 [INFO] [LOG-1753000717-7225]: Page loaded in 0.2 seconds
2025-07-20T08:38:37.879960 [INFO] [LOG-1753000717-5509]: Database connection established
2025-07-20T08:38:38.087311 [INFO] [LOG-1753000718-1583]: Page loaded in 0.2 seconds
2025-07-20T08:38:38.295671 [INFO] [LOG-1753000718-3404]: API request completed
2025-07-20T08:38:38.503941 [INFO] [LOG-1753000718-7962]: Page loaded in 0.2 seconds
2025-07-20T08:38:38.710658 [INFO] [LOG-1753000718-4416]: API request completed
2025-07-20T08:38:38.918999 [WARNING] [LOG-1753000718-7822]: API response time exceeding threshold
2025-07-20T08:38:39.123854 [WARNING] [LOG-1753000719-9903]: API response time exceeding threshold
2025-07-20T08:38:39.331388 [INFO] [LOG-1753000719-7319]: Page loaded in 0.2 seconds
2025-07-20T08:38:39.537940 [INFO] [LOG-1753000719-4562]: User logged in successfully
2025-07-20T08:38:39.745536 [INFO] [LOG-1753000719-5468]: API request completed
2025-07-20T08:38:39.953944 [INFO] [LOG-1753000719-9161]: Cache refreshed successfully
2025-07-20T08:38:40.162048 [INFO] [LOG-1753000720-9775]: API request completed
2025-07-20T08:38:40.369992 [INFO] [LOG-1753000720-3512]: Database connection established
2025-07-20T08:38:40.578039 [INFO] [LOG-1753000720-8886]: API request completed
2025-07-20T08:38:40.782560 [INFO] [LOG-1753000720-6943]: Database connection established
2025-07-20T08:38:40.989475 [INFO] [LOG-1753000720-8114]: Database connection established
2025-07-20T08:38:41.197102 [INFO] [LOG-1753000721-7062]: Database connection established
2025-07-20T08:38:41.400697 [INFO] [LOG-1753000721-2476]: User logged in successfully
2025-07-20T08:38:41.607911 [WARNING] [LOG-1753000721-8618]: API response time exceeding threshold
2025-07-20T08:38:41.814125 [WARNING] [LOG-1753000721-9460]: High memory usage detected
2025-07-20T08:38:42.021990 [INFO] [LOG-1753000722-4158]: API request completed
2025-07-20T08:38:42.229903 [INFO] [LOG-1753000722-2147]: Cache refreshed successfully
2025-07-20T08:38:42.433765 [INFO] [LOG-1753000722-7571]: User logged in successfully
2025-07-20T08:38:42.638142 [WARNING] [LOG-1753000722-3794]: High memory usage detected
2025-07-20T08:38:42.845108 [WARNING] [LOG-1753000722-3219]: Retry attempt for failed operation
2025-07-20T08:38:43.052110 [INFO] [LOG-1753000723-3871]: Cache refreshed successfully
2025-07-20T08:38:43.254993 [WARNING] [LOG-1753000723-8133]: API response time exceeding threshold
2025-07-20T08:38:43.462499 [INFO] [LOG-1753000723-2422]: Database connection established
2025-07-20T08:38:43.670502 [INFO] [LOG-1753000723-3249]: User logged in successfully
2025-07-20T08:38:43.878848 [INFO] [LOG-1753000723-4019]: Page loaded in 0.2 seconds
2025-07-20T08:38:44.086947 [ERROR] [LOG-1753000724-5007]: Failed to connect to database
2025-07-20T08:38:44.294978 [INFO] [LOG-1753000724-6647]: Page loaded in 0.2 seconds
2025-07-20T08:38:44.502955 [DEBUG] [LOG-1753000724-3339]: Request headers processed
2025-07-20T08:38:44.709817 [INFO] [LOG-1753000724-2648]: Cache refreshed successfully
2025-07-20T08:38:44.917933 [INFO] [LOG-1753000724-2701]: Database connection established
2025-07-20T08:38:45.125895 [WARNING] [LOG-1753000725-2698]: Retry attempt for failed operation
2025-07-20T08:38:45.333697 [INFO] [LOG-1753000725-1073]: Page loaded in 0.2 seconds
2025-07-20T08:38:45.536922 [INFO] [LOG-1753000725-1768]: Page loaded in 0.2 seconds
2025-07-20T08:38:45.742617 [WARNING] [LOG-1753000725-8419]: API response time exceeding threshold
2025-07-20T08:38:45.945472 [INFO] [LOG-1753000725-2422]: User logged in successfully
2025-07-20T08:38:46.153557 [INFO] [LOG-1753000726-3642]: User logged in successfully
2025-07-20T08:38:46.361575 [ERROR] [LOG-1753000726-2758]: Invalid user credentials
2025-07-20T08:38:46.569613 [WARNING] [LOG-1753000726-3116]: Retry attempt for failed operation
2025-07-20T08:38:46.778616 [INFO] [LOG-1753000726-6913]: User logged in successfully
2025-07-20T08:38:46.982330 [INFO] [LOG-1753000726-6017]: Database connection established
2025-07-20T08:38:47.189007 [INFO] [LOG-1753000727-1140]: Cache refreshed successfully
2025-07-20T08:38:47.395809 [INFO] [LOG-1753000727-5154]: Cache refreshed successfully
2025-07-20T08:38:47.602629 [ERROR] [LOG-1753000727-1878]: Invalid user credentials
2025-07-20T08:38:47.810688 [INFO] [LOG-1753000727-1945]: User logged in successfully
2025-07-20T08:38:48.015804 [INFO] [LOG-1753000728-1244]: Page loaded in 0.2 seconds
2025-07-20T08:38:48.223650 [ERROR] [LOG-1753000728-7418]: Failed to connect to database
2025-07-20T08:38:48.427215 [WARNING] [LOG-1753000728-7016]: Database connection pool running low
2025-07-20T08:38:48.635538 [INFO] [LOG-1753000728-7531]: Cache refreshed successfully
2025-07-20T08:38:48.843762 [ERROR] [LOG-1753000728-1686]: Out of memory error
2025-07-20T08:38:49.051633 [INFO] [LOG-1753000729-4590]: Database connection established
2025-07-20T08:38:49.259599 [WARNING] [LOG-1753000729-7566]: Retry attempt for failed operation
2025-07-20T08:38:49.465499 [INFO] [LOG-1753000729-7664]: Page loaded in 0.2 seconds
2025-07-20T08:38:49.673606 [INFO] [LOG-1753000729-7277]: User logged in successfully
2025-07-20T08:38:49.878945 [INFO] [LOG-1753000729-2817]: Page loaded in 0.2 seconds
2025-07-20T08:38:50.084670 [INFO] [LOG-1753000730-3713]: User logged in successfully
2025-07-20T08:38:50.291371 [WARNING] [LOG-1753000730-7228]: High memory usage detected
2025-07-20T08:38:50.498778 [DEBUG] [LOG-1753000730-1303]: Internal state transition
2025-07-20T08:38:50.703584 [INFO] [LOG-1753000730-6470]: API request completed
2025-07-20T08:38:50.906494 [INFO] [LOG-1753000730-3825]: Page loaded in 0.2 seconds
2025-07-20T08:38:51.109477 [WARNING] [LOG-1753000731-1193]: Retry attempt for failed operation
2025-07-20T08:38:51.315708 [INFO] [LOG-1753000731-4712]: Database connection established
2025-07-20T08:38:51.517490 [WARNING] [LOG-1753000731-5970]: Database connection pool running low
2025-07-20T08:38:51.724123 [INFO] [LOG-1753000731-2519]: Page loaded in 0.2 seconds
2025-07-20T08:38:51.932582 [WARNING] [LOG-1753000731-1899]: High memory usage detected
2025-07-20T08:38:52.139325 [WARNING] [LOG-1753000732-9793]: Database connection pool running low
2025-07-20T08:38:52.347480 [INFO] [LOG-1753000732-8633]: Cache refreshed successfully
2025-07-20T08:38:52.554522 [DEBUG] [LOG-1753000732-3678]: SQL query execution details
2025-07-20T08:38:52.762295 [INFO] [LOG-1753000732-8644]: API request completed
2025-07-20T08:38:52.970603 [INFO] [LOG-1753000732-6377]: Cache refreshed successfully
2025-07-20T08:38:53.178631 [INFO] [LOG-1753000733-1195]: Page loaded in 0.2 seconds
2025-07-20T08:38:53.386627 [INFO] [LOG-1753000733-2346]: Database connection established
2025-07-20T08:38:53.594683 [WARNING] [LOG-1753000733-4005]: High memory usage detected
2025-07-20T08:38:53.802636 [DEBUG] [LOG-1753000733-9543]: Cache lookup performed
2025-07-20T08:38:54.010387 [INFO] [LOG-1753000734-7225]: Page loaded in 0.2 seconds
2025-07-20T08:38:54.216600 [ERROR] [LOG-1753000734-5012]: Out of memory error
2025-07-20T08:38:54.421969 [INFO] [LOG-1753000734-8803]: Page loaded in 0.2 seconds
2025-07-20T08:38:54.629541 [INFO] [LOG-1753000734-6765]: User logged in successfully
2025-07-20T08:38:54.837025 [INFO] [LOG-1753000734-2781]: Cache refreshed successfully
2025-07-20T08:38:55.040851 [INFO] [LOG-1753000735-6232]: API request completed
2025-07-20T08:38:55.243487 [INFO] [LOG-1753000735-9278]: API request completed
2025-07-20T08:38:55.451568 [INFO] [LOG-1753000735-5785]: User logged in successfully
2025-07-20T08:38:55.659576 [INFO] [LOG-1753000735-2902]: API request completed
2025-07-20T08:38:55.867509 [INFO] [LOG-1753000735-8991]: Page loaded in 0.2 seconds
2025-07-20T08:38:56.072396 [INFO] [LOG-1753000736-1259]: Cache refreshed successfully
2025-07-20T08:38:56.280052 [INFO] [LOG-1753000736-4445]: Cache refreshed successfully
2025-07-20T08:38:56.484397 [INFO] [LOG-1753000736-3318]: User logged in successfully
2025-07-20T08:38:56.689216 [WARNING] [LOG-1753000736-5400]: Cache miss rate increasing
2025-07-20T08:38:56.895980 [INFO] [LOG-1753000736-2248]: API request completed
2025-07-20T08:38:57.104295 [INFO] [LOG-1753000737-1959]: User logged in successfully
2025-07-20T08:38:57.312561 [INFO] [LOG-1753000737-8528]: User logged in successfully
2025-07-20T08:38:57.520133 [INFO] [LOG-1753000737-8968]: Database connection established
2025-07-20T08:38:57.728550 [INFO] [LOG-1753000737-8550]: Database connection established
2025-07-20T08:38:57.936576 [INFO] [LOG-1753000737-6509]: User logged in successfully
2025-07-20T08:38:58.144555 [INFO] [LOG-1753000738-4455]: User logged in successfully
2025-07-20T08:38:58.350827 [INFO] [LOG-1753000738-9141]: Page loaded in 0.2 seconds
2025-07-20T08:38:58.556557 [WARNING] [LOG-1753000738-8604]: Cache miss rate increasing
2025-07-20T08:38:58.764690 [INFO] [LOG-1753000738-2216]: Database connection established
2025-07-20T08:38:58.972643 [WARNING] [LOG-1753000738-7585]: API response time exceeding threshold
2025-07-20T08:38:59.178512 [INFO] [LOG-1753000739-5315]: API request completed
2025-07-20T08:38:59.383351 [INFO] [LOG-1753000739-9984]: Page loaded in 0.2 seconds
2025-07-20T08:38:59.588041 [INFO] [LOG-1753000739-6962]: User logged in successfully
2025-07-20T08:38:59.796675 [INFO] [LOG-1753000739-3617]: Database connection established
2025-07-20T08:39:00.005500 [INFO] [LOG-1753000740-3616]: Database connection established
2025-07-20T08:39:00.211050 [INFO] [LOG-1753000740-4006]: API request completed
2025-07-20T08:39:00.418393 [WARNING] [LOG-1753000740-9387]: High memory usage detected
2025-07-20T08:39:00.621066 [INFO] [LOG-1753000740-3026]: User logged in successfully
2025-07-20T08:39:00.827555 [INFO] [LOG-1753000740-1853]: Database connection established
2025-07-20T08:39:01.035687 [INFO] [LOG-1753000741-3093]: User logged in successfully
2025-07-20T08:39:01.243555 [INFO] [LOG-1753000741-3123]: Page loaded in 0.2 seconds
2025-07-20T08:39:01.449811 [INFO] [LOG-1753000741-7848]: Page loaded in 0.2 seconds
2025-07-20T08:39:01.656519 [INFO] [LOG-1753000741-8553]: Database connection established
2025-07-20T08:39:01.864496 [INFO] [LOG-1753000741-7781]: Cache refreshed successfully
2025-07-20T08:39:02.070016 [INFO] [LOG-1753000742-9541]: User logged in successfully
2025-07-20T08:39:02.274550 [INFO] [LOG-1753000742-6989]: API request completed
2025-07-20T08:39:02.479288 [INFO] [LOG-1753000742-3681]: Cache refreshed successfully
2025-07-20T08:39:02.687593 [WARNING] [LOG-1753000742-3420]: API response time exceeding threshold
2025-07-20T08:39:02.895574 [INFO] [LOG-1753000742-9709]: User logged in successfully
2025-07-20T08:39:03.101320 [INFO] [LOG-1753000743-4317]: User logged in successfully
2025-07-20T08:39:03.302796 [ERROR] [LOG-1753000743-6553]: Failed to connect to database
2025-07-20T08:39:03.507425 [INFO] [LOG-1753000743-2418]: Database connection established
2025-07-20T08:39:03.720702 [INFO] [LOG-1753000743-6004]: Cache refreshed successfully
2025-07-20T08:39:03.933631 [INFO] [LOG-1753000743-2136]: Database connection established
2025-07-20T08:39:04.145981 [INFO] [LOG-1753000744-4592]: User logged in successfully
2025-07-20T08:39:04.350937 [INFO] [LOG-1753000744-1536]: Database connection established
2025-07-20T08:39:04.554711 [INFO] [LOG-1753000744-7387]: API request completed
2025-07-20T08:39:04.762505 [INFO] [LOG-1753000744-8557]: Page loaded in 0.2 seconds
2025-07-20T08:39:04.969224 [INFO] [LOG-1753000744-3167]: Cache refreshed successfully
2025-07-20T08:39:05.179163 [INFO] [LOG-1753000745-4551]: Page loaded in 0.2 seconds
2025-07-20T08:39:05.391544 [INFO] [LOG-1753000745-9037]: Page loaded in 0.2 seconds
2025-07-20T08:39:05.601670 [INFO] [LOG-1753000745-3223]: API request completed
2025-07-20T08:39:05.803497 [WARNING] [LOG-1753000745-6605]: Database connection pool running low
2025-07-20T08:39:06.006754 [INFO] [LOG-1753000746-6154]: Database connection established
2025-07-20T08:39:06.218065 [INFO] [LOG-1753000746-9888]: Page loaded in 0.2 seconds
2025-07-20T08:39:06.431548 [INFO] [LOG-1753000746-1729]: Cache refreshed successfully
2025-07-20T08:39:06.638075 [WARNING] [LOG-1753000746-1422]: High memory usage detected
2025-07-20T08:39:06.842897 [DEBUG] [LOG-1753000746-2117]: Cache lookup performed
2025-07-20T08:39:07.047574 [INFO] [LOG-1753000747-9528]: Database connection established
2025-07-20T08:39:07.255560 [INFO] [LOG-1753000747-8157]: Cache refreshed successfully
2025-07-20T08:39:07.457786 [INFO] [LOG-1753000747-8834]: Cache refreshed successfully
2025-07-20T08:39:07.664598 [INFO] [LOG-1753000747-5515]: API request completed
2025-07-20T08:39:07.868977 [INFO] [LOG-1753000747-1715]: User logged in successfully
2025-07-20T08:39:08.075652 [INFO] [LOG-1753000748-6356]: Page loaded in 0.2 seconds
2025-07-20T08:39:08.281182 [WARNING] [LOG-1753000748-6133]: API response time exceeding threshold
2025-07-20T08:39:08.486433 [INFO] [LOG-1753000748-2099]: Cache refreshed successfully
2025-07-20T08:39:08.691908 [INFO] [LOG-1753000748-6517]: API request completed
2025-07-20T08:39:08.896342 [INFO] [LOG-1753000748-6007]: User logged in successfully
2025-07-20T08:39:09.102002 [INFO] [LOG-1753000749-4688]: User logged in successfully
2025-07-20T08:39:09.307353 [INFO] [LOG-1753000749-7263]: API request completed
2025-07-20T08:39:09.511076 [WARNING] [LOG-1753000749-4527]: Database connection pool running low
2025-07-20T08:39:09.716105 [ERROR] [LOG-1753000749-7231]: Invalid user credentials
2025-07-20T08:39:09.923392 [WARNING] [LOG-1753000749-2007]: Database connection pool running low
2025-07-20T08:39:10.130477 [DEBUG] [LOG-1753000750-4828]: Function X called with parameters Y
2025-07-20T08:39:10.332681 [INFO] [LOG-1753000750-9648]: User logged in successfully
2025-07-20T08:39:10.536210 [INFO] [LOG-1753000750-1680]: Page loaded in 0.2 seconds
2025-07-20T08:39:10.740930 [WARNING] [LOG-1753000750-3666]: API response time exceeding threshold
2025-07-20T08:39:10.944354 [WARNING] [LOG-1753000750-4470]: Cache miss rate increasing
2025-07-20T08:39:11.151419 [INFO] [LOG-1753000751-4838]: Database connection established
2025-07-20T08:39:11.355106 [INFO] [LOG-1753000751-8497]: Database connection established
2025-07-20T08:39:11.559417 [ERROR] [LOG-1753000751-2563]: Out of memory error
2025-07-20T08:39:11.765892 [INFO] [LOG-1753000751-8085]: Database connection established
2025-07-20T08:39:11.969267 [WARNING] [LOG-1753000751-3098]: High memory usage detected
2025-07-20T08:39:12.175852 [INFO] [LOG-1753000752-2091]: Database connection established
2025-07-20T08:39:12.378839 [INFO] [LOG-1753000752-1087]: Page loaded in 0.2 seconds
2025-07-20T08:39:12.584739 [INFO] [LOG-1753000752-6357]: Database connection established
2025-07-20T08:39:12.788656 [INFO] [LOG-1753000752-3166]: User logged in successfully
2025-07-20T08:39:12.995327 [INFO] [LOG-1753000752-3664]: API request completed
2025-07-20T08:39:13.201436 [WARNING] [LOG-1753000753-8748]: Retry attempt for failed operation
2025-07-20T08:39:13.407459 [INFO] [LOG-1753000753-5034]: Cache refreshed successfully
2025-07-20T08:39:13.614410 [WARNING] [LOG-1753000753-7582]: Database connection pool running low
2025-07-20T08:39:13.821424 [INFO] [LOG-1753000753-5088]: Database connection established
2025-07-20T08:39:14.027586 [ERROR] [LOG-1753000754-6918]: API request timeout
2025-07-20T08:39:14.234457 [DEBUG] [LOG-1753000754-3512]: Function X called with parameters Y
2025-07-20T08:39:14.440691 [INFO] [LOG-1753000754-8144]: User logged in successfully
2025-07-20T08:39:14.647429 [INFO] [LOG-1753000754-6477]: API request completed
2025-07-20T08:39:14.850644 [INFO] [LOG-1753000754-3778]: API request completed
2025-07-20T08:39:15.058421 [INFO] [LOG-1753000755-7833]: Database connection established
2025-07-20T08:39:15.260889 [INFO] [LOG-1753000755-3146]: Page loaded in 0.2 seconds
2025-07-20T08:39:15.464415 [INFO] [LOG-1753000755-9320]: Database connection established
2025-07-20T08:39:15.666706 [INFO] [LOG-1753000755-8468]: API request completed
2025-07-20T08:39:15.872296 [INFO] [LOG-1753000755-4310]: Database connection established
2025-07-20T08:39:16.079559 [INFO] [LOG-1753000756-8822]: Database connection established
2025-07-20T08:39:16.284158 [INFO] [LOG-1753000756-3822]: User logged in successfully
2025-07-20T08:39:16.488664 [WARNING] [LOG-1753000756-3835]: Cache miss rate increasing
2025-07-20T08:39:16.692502 [INFO] [LOG-1753000756-3436]: Page loaded in 0.2 seconds
2025-07-20T08:39:16.897784 [INFO] [LOG-1753000756-4026]: API request completed
2025-07-20T08:39:17.102439 [WARNING] [LOG-1753000757-4190]: Cache miss rate increasing
2025-07-20T08:39:17.305615 [INFO] [LOG-1753000757-4225]: API request completed
2025-07-20T08:39:17.509025 [INFO] [LOG-1753000757-2592]: Cache refreshed successfully
2025-07-20T08:39:17.712111 [ERROR] [LOG-1753000757-5983]: Failed to connect to database
2025-07-20T08:39:17.915510 [INFO] [LOG-1753000757-2554]: API request completed
2025-07-20T08:39:18.122552 [INFO] [LOG-1753000758-2701]: Page loaded in 0.2 seconds
2025-07-20T08:39:18.329525 [INFO] [LOG-1753000758-6825]: API request completed
2025-07-20T08:39:18.536478 [INFO] [LOG-1753000758-7936]: Cache refreshed successfully
2025-07-20T08:39:18.738924 [ERROR] [LOG-1753000758-2710]: Failed to connect to database
2025-07-20T08:39:18.944596 [INFO] [LOG-1753000758-2917]: User logged in successfully
2025-07-20T08:39:19.147491 [INFO] [LOG-1753000759-6961]: Page loaded in 0.2 seconds
2025-07-20T08:39:19.354556 [INFO] [LOG-1753000759-5966]: API request completed
