2025-07-14 01:43:35 | INFO | Logger service initialized
2025-07-14 01:43:35 | INFO | Log level set to: INFO
2025-07-14 01:43:35 | INFO | Log frequency: 5.0 seconds
2025-07-14 01:43:35 | INFO | Logging to file: /logs/logger.log
2025-07-14 01:43:35 | INFO | Log rotation size: 1.0 MB
2025-07-14 01:43:35 | INFO | System started successfully
2025-07-14 01:43:35 | INFO | Processing incoming data batch
2025-07-14 01:43:35 | WARNING | High memory usage detected (85%)
2025-07-14 01:43:35 | INFO | Successfully processed 1542 records
2025-07-14 01:43:35 | INFO | Logger service is running as part of our distributed system
2025-07-14 01:43:35 | INFO | Web server started at http://0.0.0.0:8080
2025-07-14 01:43:40 | INFO | Logger service is running as part of our distributed system
2025-07-14 01:43:45 | INFO | Logger service is running as part of our distributed system
2025-07-14 01:43:50 | INFO | Logger service is running as part of our distributed system
2025-07-14 01:43:55 | INFO | Logger service is running as part of our distributed system
2025-07-14 01:44:00 | INFO | Logger service is running as part of our distributed system
2025-07-14 01:44:01 | WARNING | Slow query detected (2.5s execution time)
2025-07-14 01:44:01 | INFO | Web request: "GET / HTTP/1.1" 200 -
2025-07-14 01:44:01 | INFO | Web request: "GET /api/logs HTTP/1.1" 200 -
2025-07-14 01:44:01 | INFO | Web request: "GET /api/config HTTP/1.1" 200 -
2025-07-14 01:44:01 | INFO | Web request: "GET /apple-touch-icon-precomposed.png HTTP/1.1" 404 -
2025-07-14 01:44:01 | INFO | Web request: "GET /favicon.ico HTTP/1.1" 404 -
2025-07-14 01:44:01 | INFO | Web request: "GET /apple-touch-icon.png HTTP/1.1" 404 -
2025-07-14 01:44:05 | INFO | Logger service is running as part of our distributed system
2025-07-14 01:44:10 | INFO | Logger service is running as part of our distributed system
2025-07-14 01:44:11 | INFO | Web request: "GET /api/logs HTTP/1.1" 200 -
2025-07-14 01:44:15 | INFO | Logger service is running as part of our distributed system
2025-07-14 01:44:18 | INFO | Successfully processed 1542 records
2025-07-14 01:44:20 | INFO | Logger service is running as part of our distributed system
2025-07-14 01:44:21 | INFO | Web request: "GET /api/logs HTTP/1.1" 200 -
2025-07-14 01:44:25 | INFO | Logger service is running as part of our distributed system
2025-07-14 01:44:27 | INFO | Web request: "GET /api/logs HTTP/1.1" 200 -
2025-07-14 01:44:30 | INFO | Logger service is running as part of our distributed system
2025-07-14 01:44:31 | INFO | Web request: "GET /api/logs HTTP/1.1" 200 -
2025-07-14 01:44:33 | INFO | Starting automated cleanup routine
2025-07-14 01:44:35 | INFO | Logger service is running as part of our distributed system
2025-07-14 01:44:40 | INFO | Logger service is running as part of our distributed system
2025-07-14 01:44:41 | INFO | Web request: "GET /api/logs HTTP/1.1" 200 -
2025-07-14 01:44:45 | INFO | Logger service is running as part of our distributed system
2025-07-14 01:44:50 | INFO | Logger service is running as part of our distributed system
2025-07-14 01:44:51 | INFO | Web request: "GET /api/logs HTTP/1.1" 200 -
2025-07-14 01:44:55 | INFO | Logger service is running as part of our distributed system
2025-07-14 01:45:00 | INFO | Logger service is running as part of our distributed system
2025-07-14 01:45:01 | INFO | Web request: "GET /api/logs HTTP/1.1" 200 -
2025-07-14 01:45:05 | INFO | Logger service is running as part of our distributed system
2025-07-14 01:45:10 | INFO | Logger service is running as part of our distributed system
2025-07-14 01:45:14 | INFO | Successfully processed 1542 records
2025-07-14 01:45:15 | INFO | Logger service is running as part of our distributed system
2025-07-14 01:45:17 | INFO | Web request: "GET /api/logs HTTP/1.1" 200 -
2025-07-14 01:45:20 | INFO | Logger service is running as part of our distributed system
2025-07-14 01:45:25 | INFO | Logger service is running as part of our distributed system
2025-07-14 01:45:30 | INFO | Web request: "GET /api/logs HTTP/1.1" 200 -
2025-07-14 01:45:30 | INFO | Logger service is running as part of our distributed system
2025-07-14 01:45:35 | INFO | Logger service is running as part of our distributed system
2025-07-14 01:45:40 | INFO | Logger service is running as part of our distributed system
2025-07-14 01:45:43 | INFO | Processing incoming data batch
2025-07-14 01:45:45 | INFO | Logger service is running as part of our distributed system
2025-07-14 01:45:50 | INFO | Logger service is running as part of our distributed system
2025-07-14 01:45:55 | INFO | Logger service is running as part of our distributed system
2025-07-14 01:45:57 | INFO | Successfully processed 1542 records
2025-07-14 01:46:00 | INFO | Logger service is running as part of our distributed system
2025-07-14 01:46:04 | INFO | Web request: "GET /api/logs HTTP/1.1" 200 -
2025-07-14 01:46:05 | INFO | Logger service is running as part of our distributed system
2025-07-14 01:46:10 | INFO | Logger service is running as part of our distributed system
2025-07-14 01:46:15 | INFO | Logger service is running as part of our distributed system
2025-07-14 01:46:16 | WARNING | Slow query detected (2.5s execution time)
2025-07-14 01:46:20 | INFO | Logger service is running as part of our distributed system
2025-07-14 01:46:25 | INFO | Logger service is running as part of our distributed system
2025-07-14 01:46:26 | INFO | System started successfully
2025-07-14 01:46:30 | INFO | Logger service is running as part of our distributed system
2025-07-14 01:46:32 | INFO | Retrying connection in 5 seconds
2025-07-14 01:46:35 | INFO | Logger service is running as part of our distributed system
2025-07-14 01:46:40 | INFO | Logger service is running as part of our distributed system
2025-07-14 01:46:42 | INFO | Retrying connection in 5 seconds
2025-07-14 01:46:45 | INFO | Logger service is running as part of our distributed system
2025-07-14 01:46:50 | INFO | Logger service is running as part of our distributed system
2025-07-14 01:46:55 | INFO | Processing incoming data batch
2025-07-14 01:46:55 | INFO | Logger service is running as part of our distributed system
2025-07-14 01:47:00 | INFO | Logger service is running as part of our distributed system
2025-07-14 01:47:01 | INFO | Web request: "GET /api/logs HTTP/1.1" 200 -
2025-07-14 01:47:05 | INFO | Logger service is running as part of our distributed system
2025-07-14 01:47:10 | INFO | Logger service is running as part of our distributed system
2025-07-14 01:47:15 | INFO | Retrying connection in 5 seconds
2025-07-14 01:47:15 | INFO | Logger service is running as part of our distributed system
2025-07-14 01:47:20 | INFO | Logger service is running as part of our distributed system
2025-07-14 01:47:25 | INFO | Logger service is running as part of our distributed system
2025-07-14 01:47:30 | INFO | Logger service is running as part of our distributed system
2025-07-14 01:47:33 | CRITICAL | Disk space critical: 98% full
2025-07-14 01:47:35 | INFO | Logger service is running as part of our distributed system
2025-07-14 01:47:40 | INFO | Logger service is running as part of our distributed system
2025-07-14 01:47:45 | INFO | Logger service is running as part of our distributed system
2025-07-14 01:47:45 | INFO | Successfully processed 1542 records
2025-07-14 01:47:50 | INFO | Logger service is running as part of our distributed system
2025-07-14 01:47:55 | INFO | Logger service is running as part of our distributed system
2025-07-14 01:48:00 | INFO | Logger service is running as part of our distributed system
2025-07-14 01:48:05 | INFO | Logger service is running as part of our distributed system
2025-07-14 01:48:10 | INFO | Logger service is running as part of our distributed system
2025-07-14 01:48:10 | INFO | Web request: "GET /api/logs HTTP/1.1" 200 -
2025-07-14 01:48:13 | INFO | Processing incoming data batch
2025-07-14 01:48:15 | INFO | Logger service is running as part of our distributed system
2025-07-14 01:48:18 | CRITICAL | Disk space critical: 98% full
2025-07-14 01:48:20 | INFO | Logger service is running as part of our distributed system
2025-07-14 01:48:25 | INFO | Logger service is running as part of our distributed system
2025-07-14 01:48:30 | INFO | Logger service is running as part of our distributed system
2025-07-14 01:48:34 | WARNING | Slow query detected (2.5s execution time)
2025-07-14 01:48:35 | INFO | Logger service is running as part of our distributed system
2025-07-14 01:48:40 | INFO | Logger service is running as part of our distributed system
2025-07-14 01:48:45 | INFO | Logger service is running as part of our distributed system
2025-07-14 01:48:47 | INFO | Data processing completed in 1.2 seconds
2025-07-14 01:48:50 | INFO | Logger service is running as part of our distributed system
2025-07-14 01:48:54 | WARNING | High memory usage detected (85%)
2025-07-14 01:48:55 | INFO | Logger service is running as part of our distributed system
2025-07-14 01:49:00 | INFO | Logger service is running as part of our distributed system
2025-07-14 01:49:05 | INFO | Logger service is running as part of our distributed system
2025-07-14 01:49:10 | INFO | Web request: "GET /api/logs HTTP/1.1" 200 -
2025-07-14 01:49:10 | INFO | Logger service is running as part of our distributed system
2025-07-14 01:49:12 | WARNING | Slow query detected (2.5s execution time)
2025-07-14 01:49:15 | INFO | Logger service is running as part of our distributed system
2025-07-14 01:49:20 | INFO | Logger service is running as part of our distributed system
2025-07-14 01:49:25 | INFO | Logger service is running as part of our distributed system
2025-07-14 01:49:29 | INFO | Processing incoming data batch
2025-07-14 01:49:30 | INFO | Logger service is running as part of our distributed system
2025-07-14 01:49:35 | INFO | Logger service is running as part of our distributed system
2025-07-14 01:49:40 | INFO | Logger service is running as part of our distributed system
2025-07-14 01:49:45 | INFO | Logger service is running as part of our distributed system
2025-07-14 01:49:46 | CRITICAL | Disk space critical: 98% full
2025-07-14 01:49:50 | INFO | Logger service is running as part of our distributed system
2025-07-14 01:49:55 | INFO | Logger service is running as part of our distributed system
2025-07-14 01:50:00 | INFO | System operating within normal parameters
2025-07-14 01:50:00 | INFO | Logger service is running as part of our distributed system
2025-07-14 01:50:05 | INFO | Logger service is running as part of our distributed system
2025-07-14 01:50:10 | INFO | Logger service is running as part of our distributed system
2025-07-14 01:50:16 | INFO | Logger service is running as part of our distributed system
2025-07-14 01:50:21 | INFO | Logger service is running as part of our distributed system
2025-07-14 01:50:22 | INFO | Starting automated cleanup routine
2025-07-14 01:50:26 | INFO | Logger service is running as part of our distributed system
2025-07-14 01:50:31 | INFO | Logger service is running as part of our distributed system
2025-07-14 01:50:36 | INFO | Logger service is running as part of our distributed system
2025-07-14 01:50:41 | INFO | Logger service is running as part of our distributed system
2025-07-14 01:50:42 | INFO | Successfully processed 1542 records
2025-07-14 01:50:46 | INFO | Logger service is running as part of our distributed system
2025-07-14 01:50:51 | INFO | Logger service is running as part of our distributed system
2025-07-14 01:50:56 | INFO | System operating within normal parameters
2025-07-14 01:50:56 | INFO | Logger service is running as part of our distributed system
2025-07-14 01:51:01 | INFO | Logger service is running as part of our distributed system
2025-07-14 01:51:06 | INFO | Logger service is running as part of our distributed system
2025-07-14 01:51:11 | INFO | Logger service is running as part of our distributed system
2025-07-14 01:51:16 | INFO | Logger service is running as part of our distributed system
2025-07-14 01:51:21 | INFO | Logger service is running as part of our distributed system
2025-07-14 01:51:26 | INFO | Logger service is running as part of our distributed system
2025-07-14 01:51:29 | INFO | Web request: "GET /api/logs HTTP/1.1" 200 -
2025-07-14 01:51:31 | INFO | Logger service is running as part of our distributed system
2025-07-14 01:51:36 | INFO | Logger service is running as part of our distributed system
2025-07-14 01:51:37 | INFO | Data processing completed in 1.2 seconds
2025-07-14 01:51:41 | INFO | Logger service is running as part of our distributed system
2025-07-14 01:51:44 | INFO | Web request: "GET /api/logs HTTP/1.1" 200 -
2025-07-14 01:51:46 | INFO | Logger service is running as part of our distributed system
2025-07-14 01:51:47 | WARNING | Slow query detected (2.5s execution time)
2025-07-14 01:51:51 | INFO | Logger service is running as part of our distributed system
2025-07-14 01:51:56 | INFO | Logger service is running as part of our distributed system
2025-07-14 01:52:01 | INFO | Logger service is running as part of our distributed system
2025-07-14 01:52:06 | INFO | Logger service is running as part of our distributed system
2025-07-14 01:52:06 | WARNING | High memory usage detected (85%)
2025-07-14 01:52:11 | INFO | Logger service is running as part of our distributed system
2025-07-14 01:52:16 | INFO | Logger service is running as part of our distributed system
2025-07-14 01:52:19 | WARNING | Slow query detected (2.5s execution time)
2025-07-14 01:52:21 | INFO | Logger service is running as part of our distributed system
2025-07-14 01:52:26 | INFO | Logger service is running as part of our distributed system
2025-07-14 01:52:31 | INFO | Logger service is running as part of our distributed system
2025-07-14 01:52:36 | INFO | Logger service is running as part of our distributed system
2025-07-14 01:52:41 | INFO | Logger service is running as part of our distributed system
2025-07-14 01:52:41 | INFO | Retrying connection in 5 seconds
2025-07-14 01:52:46 | INFO | Logger service is running as part of our distributed system
2025-07-14 01:52:51 | INFO | Logger service is running as part of our distributed system
2025-07-14 01:52:56 | INFO | Logger service is running as part of our distributed system
2025-07-14 01:52:57 | INFO | Successfully processed 1542 records
2025-07-14 01:53:01 | INFO | Logger service is running as part of our distributed system
2025-07-14 01:53:06 | INFO | Logger service is running as part of our distributed system
2025-07-14 01:53:11 | INFO | Logger service is running as part of our distributed system
2025-07-14 01:53:16 | INFO | Logger service is running as part of our distributed system
2025-07-14 01:53:21 | INFO | Logger service is running as part of our distributed system
2025-07-14 01:53:22 | WARNING | High memory usage detected (85%)
2025-07-14 01:53:26 | INFO | Logger service is running as part of our distributed system
2025-07-14 01:53:31 | INFO | Logger service is running as part of our distributed system
2025-07-14 01:53:36 | INFO | Logger service is running as part of our distributed system
2025-07-14 01:53:41 | INFO | Logger service is running as part of our distributed system
2025-07-14 01:53:46 | INFO | Logger service is running as part of our distributed system
2025-07-14 01:53:51 | INFO | Logger service is running as part of our distributed system
2025-07-14 01:53:56 | INFO | Logger service is running as part of our distributed system
2025-07-14 01:53:57 | INFO | System started successfully
2025-07-14 01:54:01 | INFO | Logger service is running as part of our distributed system
2025-07-14 01:54:06 | INFO | Logger service is running as part of our distributed system
2025-07-14 01:54:11 | INFO | Logger service is running as part of our distributed system
2025-07-14 01:54:16 | INFO | Logger service is running as part of our distributed system
2025-07-14 01:54:21 | INFO | Logger service is running as part of our distributed system
2025-07-14 01:54:25 | WARNING | High memory usage detected (85%)
2025-07-14 01:54:26 | INFO | Logger service is running as part of our distributed system
2025-07-14 01:54:31 | INFO | Logger service is running as part of our distributed system
2025-07-14 01:54:36 | INFO | Logger service is running as part of our distributed system
2025-07-14 01:54:41 | INFO | Logger service is running as part of our distributed system
2025-07-14 01:54:44 | ERROR | Failed to connect to secondary database
2025-07-14 01:54:46 | INFO | Logger service is running as part of our distributed system
2025-07-14 01:54:51 | INFO | Logger service is running as part of our distributed system
2025-07-14 01:54:56 | INFO | Logger service is running as part of our distributed system
2025-07-14 01:55:01 | INFO | Logger service is running as part of our distributed system
2025-07-14 01:55:06 | INFO | Logger service is running as part of our distributed system
2025-07-14 01:55:11 | INFO | Logger service is running as part of our distributed system
2025-07-14 01:55:13 | ERROR | Failed to connect to secondary database
2025-07-14 01:55:16 | INFO | Logger service is running as part of our distributed system
2025-07-14 01:55:21 | INFO | Logger service is running as part of our distributed system
2025-07-14 01:55:26 | INFO | Logger service is running as part of our distributed system
2025-07-14 01:55:26 | INFO | Successfully processed 1542 records
2025-07-14 01:55:31 | INFO | Logger service is running as part of our distributed system
2025-07-14 01:55:35 | INFO | Processing incoming data batch
2025-07-14 01:55:36 | INFO | Logger service is running as part of our distributed system
2025-07-14 01:55:41 | INFO | Logger service is running as part of our distributed system
2025-07-14 01:55:46 | INFO | Logger service is running as part of our distributed system
2025-07-14 01:55:47 | ERROR | Failed to connect to secondary database
2025-07-14 01:55:51 | INFO | Logger service is running as part of our distributed system
2025-07-14 01:55:56 | INFO | Logger service is running as part of our distributed system
2025-07-14 01:56:00 | WARNING | High memory usage detected (85%)
2025-07-14 01:56:01 | INFO | Logger service is running as part of our distributed system
2025-07-14 01:56:06 | INFO | Logger service is running as part of our distributed system
2025-07-14 01:56:08 | INFO | Starting automated cleanup routine
2025-07-14 01:56:11 | INFO | Logger service is running as part of our distributed system
2025-07-14 01:56:16 | INFO | Logger service is running as part of our distributed system
2025-07-14 01:56:21 | INFO | Logger service is running as part of our distributed system
2025-07-14 01:56:26 | INFO | Logger service is running as part of our distributed system
2025-07-14 01:56:31 | INFO | Processing incoming data batch
2025-07-14 01:56:31 | INFO | Logger service is running as part of our distributed system
2025-07-14 01:56:36 | INFO | Logger service is running as part of our distributed system
2025-07-14 01:56:41 | INFO | Logger service is running as part of our distributed system
2025-07-14 01:56:42 | INFO | Data processing completed in 1.2 seconds
2025-07-14 01:56:46 | INFO | Logger service is running as part of our distributed system
2025-07-14 01:56:51 | INFO | Logger service is running as part of our distributed system
2025-07-14 01:56:56 | INFO | Logger service is running as part of our distributed system
2025-07-14 01:57:01 | INFO | Logger service is running as part of our distributed system
2025-07-14 01:57:02 | INFO | System started successfully
2025-07-14 01:57:06 | INFO | Logger service is running as part of our distributed system
2025-07-14 01:57:08 | INFO | Retrying connection in 5 seconds
2025-07-14 01:57:11 | INFO | Logger service is running as part of our distributed system
2025-07-14 01:57:16 | INFO | Logger service is running as part of our distributed system
2025-07-14 01:57:21 | INFO | Logger service is running as part of our distributed system
2025-07-14 01:57:23 | INFO | Data processing completed in 1.2 seconds
2025-07-14 01:57:26 | INFO | Logger service is running as part of our distributed system
2025-07-14 01:57:31 | INFO | Logger service is running as part of our distributed system
2025-07-14 01:57:36 | INFO | Logger service is running as part of our distributed system
2025-07-14 01:57:41 | INFO | Logger service is running as part of our distributed system
2025-07-14 01:57:46 | INFO | Logger service is running as part of our distributed system
2025-07-14 01:57:51 | ERROR | Failed to connect to secondary database
2025-07-14 01:57:51 | INFO | Logger service is running as part of our distributed system
2025-07-14 01:57:56 | INFO | Logger service is running as part of our distributed system
2025-07-14 01:58:01 | INFO | Logger service is running as part of our distributed system
2025-07-14 01:58:06 | INFO | Logger service is running as part of our distributed system
2025-07-14 01:58:12 | INFO | Logger service is running as part of our distributed system
2025-07-14 01:58:17 | INFO | Logger service is running as part of our distributed system
2025-07-14 01:58:17 | INFO | Processing incoming data batch
2025-07-14 01:58:22 | INFO | Logger service is running as part of our distributed system
2025-07-14 01:58:26 | WARNING | Slow query detected (2.5s execution time)
2025-07-14 01:58:27 | INFO | Logger service is running as part of our distributed system
2025-07-14 01:58:32 | INFO | Logger service is running as part of our distributed system
2025-07-14 01:58:37 | INFO | Logger service is running as part of our distributed system
2025-07-14 01:58:38 | INFO | Data processing completed in 1.2 seconds
2025-07-14 01:58:42 | INFO | Logger service is running as part of our distributed system
2025-07-14 01:58:43 | INFO | Web request: "GET /api/logs HTTP/1.1" 200 -
2025-07-14 01:58:47 | INFO | Logger service is running as part of our distributed system
2025-07-14 01:58:52 | INFO | Logger service is running as part of our distributed system
2025-07-14 01:58:57 | INFO | Logger service is running as part of our distributed system
2025-07-14 01:59:00 | WARNING | High memory usage detected (85%)
2025-07-14 01:59:02 | INFO | Logger service is running as part of our distributed system
2025-07-14 01:59:07 | INFO | Logger service is running as part of our distributed system
2025-07-14 01:59:09 | INFO | System operating within normal parameters
2025-07-14 01:59:12 | INFO | Logger service is running as part of our distributed system
2025-07-14 01:59:17 | INFO | Logger service is running as part of our distributed system
2025-07-14 01:59:22 | INFO | Logger service is running as part of our distributed system
2025-07-14 01:59:24 | INFO | Retrying connection in 5 seconds
2025-07-14 01:59:27 | INFO | Logger service is running as part of our distributed system
2025-07-14 01:59:32 | INFO | Logger service is running as part of our distributed system
2025-07-14 01:59:37 | INFO | Logger service is running as part of our distributed system
2025-07-14 01:59:42 | INFO | Logger service is running as part of our distributed system
2025-07-14 01:59:42 | INFO | System operating within normal parameters
2025-07-14 01:59:47 | INFO | Logger service is running as part of our distributed system
2025-07-14 01:59:51 | INFO | Successfully processed 1542 records
2025-07-14 01:59:52 | INFO | Logger service is running as part of our distributed system
2025-07-14 01:59:57 | INFO | Logger service is running as part of our distributed system
2025-07-14 02:00:02 | INFO | Logger service is running as part of our distributed system
2025-07-14 02:00:04 | WARNING | Slow query detected (2.5s execution time)
2025-07-14 02:00:07 | INFO | Logger service is running as part of our distributed system
2025-07-14 02:00:12 | INFO | Logger service is running as part of our distributed system
2025-07-14 02:00:17 | INFO | Logger service is running as part of our distributed system
2025-07-14 02:00:20 | WARNING | High memory usage detected (85%)
2025-07-14 02:00:22 | INFO | Logger service is running as part of our distributed system
2025-07-14 02:00:27 | INFO | Logger service is running as part of our distributed system
2025-07-14 02:00:32 | INFO | Logger service is running as part of our distributed system
2025-07-14 02:00:32 | INFO | Processing incoming data batch
2025-07-14 02:00:37 | INFO | Logger service is running as part of our distributed system
2025-07-14 02:00:42 | INFO | Logger service is running as part of our distributed system
2025-07-14 02:00:47 | INFO | Logger service is running as part of our distributed system
2025-07-14 02:00:52 | INFO | Logger service is running as part of our distributed system
2025-07-14 02:00:57 | INFO | Logger service is running as part of our distributed system
2025-07-14 02:00:57 | INFO | Starting automated cleanup routine
2025-07-14 02:01:02 | INFO | Logger service is running as part of our distributed system
2025-07-14 02:01:07 | INFO | Logger service is running as part of our distributed system
2025-07-14 02:01:10 | INFO | Starting automated cleanup routine
2025-07-14 02:01:12 | INFO | Logger service is running as part of our distributed system
2025-07-14 02:01:15 | WARNING | High memory usage detected (85%)
2025-07-14 02:01:17 | INFO | Logger service is running as part of our distributed system
2025-07-14 02:01:22 | INFO | Logger service is running as part of our distributed system
2025-07-14 02:01:26 | INFO | System started successfully
2025-07-14 02:01:27 | INFO | Logger service is running as part of our distributed system
2025-07-14 02:01:32 | INFO | Logger service is running as part of our distributed system
2025-07-14 02:01:37 | INFO | Logger service is running as part of our distributed system
2025-07-14 02:01:42 | INFO | Retrying connection in 5 seconds
2025-07-14 02:01:42 | INFO | Logger service is running as part of our distributed system
2025-07-14 02:01:47 | INFO | Logger service is running as part of our distributed system
2025-07-14 02:01:52 | INFO | Logger service is running as part of our distributed system
2025-07-14 02:01:57 | INFO | Logger service is running as part of our distributed system
2025-07-14 02:01:58 | INFO | Starting automated cleanup routine
2025-07-14 02:02:02 | INFO | Logger service is running as part of our distributed system
2025-07-14 02:02:07 | INFO | Logger service is running as part of our distributed system
2025-07-14 02:02:12 | INFO | Logger service is running as part of our distributed system
2025-07-14 02:02:13 | INFO | Starting automated cleanup routine
2025-07-14 02:02:17 | INFO | Logger service is running as part of our distributed system
2025-07-14 02:02:22 | INFO | Logger service is running as part of our distributed system
2025-07-14 02:02:26 | INFO | Successfully processed 1542 records
2025-07-14 02:02:27 | INFO | Logger service is running as part of our distributed system
2025-07-14 02:02:32 | INFO | Logger service is running as part of our distributed system
2025-07-14 02:02:37 | INFO | System started successfully
2025-07-14 02:02:37 | INFO | Logger service is running as part of our distributed system
2025-07-14 02:02:42 | INFO | Logger service is running as part of our distributed system
2025-07-14 02:02:47 | INFO | System started successfully
2025-07-14 02:02:47 | INFO | Logger service is running as part of our distributed system
2025-07-14 02:02:52 | INFO | Logger service is running as part of our distributed system
2025-07-14 02:02:57 | INFO | Logger service is running as part of our distributed system
2025-07-14 02:03:02 | INFO | Logger service is running as part of our distributed system
2025-07-14 02:03:03 | WARNING | Slow query detected (2.5s execution time)
2025-07-14 02:03:07 | INFO | Logger service is running as part of our distributed system
2025-07-14 02:03:12 | INFO | Logger service is running as part of our distributed system
2025-07-14 02:03:12 | WARNING | High memory usage detected (85%)
2025-07-14 02:03:17 | INFO | Logger service is running as part of our distributed system
2025-07-14 02:03:22 | INFO | Logger service is running as part of our distributed system
2025-07-14 02:03:25 | INFO | Data processing completed in 1.2 seconds
2025-07-14 02:03:27 | INFO | Logger service is running as part of our distributed system
2025-07-14 02:03:32 | INFO | Logger service is running as part of our distributed system
2025-07-14 02:03:37 | INFO | Logger service is running as part of our distributed system
2025-07-14 02:03:40 | WARNING | High memory usage detected (85%)
2025-07-14 02:03:42 | INFO | Logger service is running as part of our distributed system
2025-07-14 02:03:47 | INFO | Logger service is running as part of our distributed system
2025-07-14 02:03:52 | INFO | Logger service is running as part of our distributed system
2025-07-14 02:03:57 | INFO | Logger service is running as part of our distributed system
2025-07-14 02:04:02 | INFO | Logger service is running as part of our distributed system
2025-07-14 02:04:07 | INFO | Logger service is running as part of our distributed system
2025-07-14 02:04:12 | INFO | Logger service is running as part of our distributed system
2025-07-14 02:04:13 | WARNING | High memory usage detected (85%)
2025-07-14 02:04:17 | INFO | Logger service is running as part of our distributed system
2025-07-14 02:04:22 | INFO | Logger service is running as part of our distributed system
2025-07-14 02:04:27 | INFO | Logger service is running as part of our distributed system
2025-07-14 02:04:32 | INFO | Logger service is running as part of our distributed system
2025-07-14 02:04:37 | INFO | Logger service is running as part of our distributed system
2025-07-14 02:04:42 | INFO | Logger service is running as part of our distributed system
2025-07-14 02:04:47 | INFO | Logger service is running as part of our distributed system
2025-07-14 02:04:52 | INFO | Logger service is running as part of our distributed system
2025-07-14 02:04:57 | INFO | Logger service is running as part of our distributed system
2025-07-14 02:05:02 | INFO | Logger service is running as part of our distributed system
2025-07-14 02:05:07 | INFO | Logger service is running as part of our distributed system
2025-07-14 02:05:09 | INFO | Starting automated cleanup routine
2025-07-14 02:05:12 | INFO | Logger service is running as part of our distributed system
2025-07-14 02:05:17 | INFO | Logger service is running as part of our distributed system
2025-07-14 02:05:19 | ERROR | Failed to connect to secondary database
2025-07-14 02:05:22 | INFO | Logger service is running as part of our distributed system
2025-07-14 02:05:27 | INFO | Logger service is running as part of our distributed system
2025-07-14 02:05:32 | INFO | Logger service is running as part of our distributed system
2025-07-14 02:05:34 | INFO | Retrying connection in 5 seconds
2025-07-14 02:05:37 | INFO | Logger service is running as part of our distributed system
2025-07-14 02:05:43 | INFO | Logger service is running as part of our distributed system
2025-07-14 02:05:48 | INFO | Logger service is running as part of our distributed system
2025-07-14 02:05:53 | INFO | Logger service is running as part of our distributed system
2025-07-14 02:05:57 | INFO | System operating within normal parameters
2025-07-14 02:05:58 | INFO | Logger service is running as part of our distributed system
2025-07-14 02:06:03 | INFO | Logger service is running as part of our distributed system
2025-07-14 02:06:03 | WARNING | Slow query detected (2.5s execution time)
2025-07-14 02:06:08 | INFO | Logger service is running as part of our distributed system
2025-07-14 02:06:13 | INFO | Logger service is running as part of our distributed system
2025-07-14 02:06:18 | INFO | Logger service is running as part of our distributed system
2025-07-14 02:06:18 | INFO | Data processing completed in 1.2 seconds
2025-07-14 02:06:23 | INFO | Logger service is running as part of our distributed system
